#
# There is insufficient memory for the Java Runtime Environment to continue.
# Native memory allocation (mmap) failed to map 240123904 bytes for Failed to commit area from 0x0000000094e00000 to 0x00000000a3300000 of length 240123904.
# Possible reasons:
#   The system is out of physical RAM or swap space
#   The process is running with CompressedOops enabled, and the Java Heap may be blocking the growth of the native heap
# Possible solutions:
#   Reduce memory load on the system
#   Increase physical memory or swap space
#   Check if swap backing store is full
#   Decrease Java heap size (-Xmx/-Xms)
#   Decrease number of Java threads
#   Decrease Java thread stack sizes (-Xss)
#   Set larger code cache with -XX:ReservedCodeCacheSize=
#   JVM is running with Unscaled Compressed Oops mode in which the Java heap is
#     placed in the first 4GB address space. The Java Heap base address is the
#     maximum limit for the native heap growth. Please use -XX:HeapBaseMinAddress
#     to set the Java Heap base and to place the Java Heap above 4GB virtual address.
# This output file may be truncated or incomplete.
#
#  Out of Memory Error (./src/hotspot/os/windows/os_windows.cpp:3521), pid=3924, tid=6572
#
# JRE version: OpenJDK Runtime Environment (11.0.12+7) (build 11.0.12+7-b1504.28-7817840)
# Java VM: OpenJDK 64-Bit Server VM (11.0.12+7-b1504.28-7817840, mixed mode, tiered, compressed oops, g1 gc, windows-amd64)
# No core dump will be written. Minidumps are not enabled by default on client versions of Windows
#

---------------  S U M M A R Y ------------

Command Line: --add-opens=java.base/java.util=ALL-UNNAMED --add-opens=java.base/java.lang=ALL-UNNAMED --add-opens=java.base/java.lang.invoke=ALL-UNNAMED --add-opens=java.base/java.util=ALL-UNNAMED --add-opens=java.prefs/java.util.prefs=ALL-UNNAMED --add-opens=java.prefs/java.util.prefs=ALL-UNNAMED --add-opens=java.base/java.nio.charset=ALL-UNNAMED --add-opens=java.base/java.net=ALL-UNNAMED --add-opens=java.base/java.util.concurrent.atomic=ALL-UNNAMED -Xmx2048m -Dfile.encoding=UTF-8 -Duser.country=RU -Duser.language=ru -Duser.variant org.gradle.launcher.daemon.bootstrap.GradleDaemon 7.3.3

Host: Intel(R) Core(TM) i3-6006U CPU @ 2.00GHz, 4 cores, 3G,  Windows 10 , 64 bit Build 19041 (10.0.19041.1645)
Time: Mon Aug 15 21:29:42 2022 Западная Азия (зима) elapsed time: 204.689153 seconds (0d 0h 3m 24s)

---------------  T H R E A D  ---------------

Current thread (0x000001b65d742000):  VMThread "VM Thread" [stack: 0x00000060d6100000,0x00000060d6200000] [id=6572]

Stack: [0x00000060d6100000,0x00000060d6200000]
[error occurred during error reporting (printing stack bounds), id 0xc0000005, EXCEPTION_ACCESS_VIOLATION (0xc0000005) at pc=0x000001b646f0112d]

Native frames: (J=compiled Java code, j=interpreted, Vv=VM code, C=native code)
V  [jvm.dll+0x5fbcea]
V  [jvm.dll+0x731905]
V  [jvm.dll+0x732f1d]
V  [jvm.dll+0x733535]
V  [jvm.dll+0x7334eb]
V  [jvm.dll+0x5fb080]
V  [jvm.dll+0x5fb818]
C  [ntdll.dll+0xa20cf]
C  [ntdll.dll+0x51454]
C  [ntdll.dll+0xa0bfe]
C  0x000001b646f0112d

VM_Operation (0x00000060db0f9c00): G1CollectForAllocation, mode: safepoint, requested by thread 0x000001b660b84000


---------------  P R O C E S S  ---------------

Threads class SMR info:
_java_thread_list=0x000001b6650cf640, length=90, elements={
0x000001b6433cc000, 0x000001b65d746800, 0x000001b65d754000, 0x000001b65d76a000,
0x000001b65d76b000, 0x000001b65d76c800, 0x000001b65d7b7800, 0x000001b65d7b9800,
0x000001b65d7c5000, 0x000001b65e25b000, 0x000001b65fc56000, 0x000001b65fc58000,
0x000001b65fc58800, 0x000001b65fc59800, 0x000001b65fc5a800, 0x000001b65fc5b000,
0x000001b65fc57000, 0x000001b65fc55800, 0x000001b65f028800, 0x000001b65f02a000,
0x000001b65f025000, 0x000001b65f026800, 0x000001b65f029000, 0x000001b65f026000,
0x000001b65f027800, 0x000001b65f024800, 0x000001b65f02e000, 0x000001b65f030800,
0x000001b65f02f800, 0x000001b65f02b000, 0x000001b65f031800, 0x000001b65f02b800,
0x000001b65f032000, 0x000001b65f033000, 0x000001b662765800, 0x000001b662764800,
0x000001b662761800, 0x000001b662763800, 0x000001b662767000, 0x000001b662766000,
0x000001b662763000, 0x000001b662768000, 0x000001b662762000, 0x000001b662769800,
0x000001b66276c000, 0x000001b662768800, 0x000001b66276a800, 0x000001b66276c800,
0x000001b66276b000, 0x000001b66276e800, 0x000001b662770000, 0x000001b66276f000,
0x000001b66276d800, 0x000001b6601b5800, 0x000001b6601b2800, 0x000001b6601b3000,
0x000001b6601b4000, 0x000001b6601b6800, 0x000001b6601b4800, 0x000001b6601b0800,
0x000001b6601b7000, 0x000001b6601b1800, 0x000001b6601bc000, 0x000001b6601bd000,
0x000001b6601b9800, 0x000001b6601b9000, 0x000001b6601ba800, 0x000001b6601bb000,
0x000001b6601bd800, 0x000001b6601b8000, 0x000001b6601be800, 0x000001b6601bf800,
0x000001b660b80000, 0x000001b660b86800, 0x000001b660b84000, 0x000001b660b82800,
0x000001b660b83800, 0x000001b660b85000, 0x000001b660b86000, 0x000001b660b81000,
0x000001b660b87800, 0x000001b660b82000, 0x000001b660b8b000, 0x000001b660b8c800,
0x000001b660b89000, 0x000001b660b8d000, 0x000001b660b8e000, 0x000001b660b8a000,
0x000001b660b88800, 0x000001b668c69000
}

Java Threads: ( => current thread )
  0x000001b6433cc000 JavaThread "main" [_thread_blocked, id=7720, stack(0x00000060d5b00000,0x00000060d5c00000)]
  0x000001b65d746800 JavaThread "Reference Handler" daemon [_thread_blocked, id=5452, stack(0x00000060d6200000,0x00000060d6300000)]
  0x000001b65d754000 JavaThread "Finalizer" daemon [_thread_blocked, id=5208, stack(0x00000060d6300000,0x00000060d6400000)]
  0x000001b65d76a000 JavaThread "Signal Dispatcher" daemon [_thread_blocked, id=8960, stack(0x00000060d6400000,0x00000060d6500000)]
  0x000001b65d76b000 JavaThread "Attach Listener" daemon [_thread_blocked, id=8536, stack(0x00000060d6500000,0x00000060d6600000)]
  0x000001b65d76c800 JavaThread "Service Thread" daemon [_thread_blocked, id=3960, stack(0x00000060d6600000,0x00000060d6700000)]
  0x000001b65d7b7800 JavaThread "C2 CompilerThread0" daemon [_thread_blocked, id=8744, stack(0x00000060d6700000,0x00000060d6800000)]
  0x000001b65d7b9800 JavaThread "C1 CompilerThread0" daemon [_thread_blocked, id=3768, stack(0x00000060d6800000,0x00000060d6900000)]
  0x000001b65d7c5000 JavaThread "Sweeper thread" daemon [_thread_blocked, id=7060, stack(0x00000060d6900000,0x00000060d6a00000)]
  0x000001b65e25b000 JavaThread "Common-Cleaner" daemon [_thread_blocked, id=6316, stack(0x00000060d6a00000,0x00000060d6b00000)]
  0x000001b65fc56000 JavaThread "Daemon health stats" [_thread_blocked, id=4028, stack(0x00000060d6d00000,0x00000060d6e00000)]
  0x000001b65fc58000 JavaThread "Incoming local TCP Connector on port 50579" [_thread_in_native, id=9064, stack(0x00000060d6e00000,0x00000060d6f00000)]
  0x000001b65fc58800 JavaThread "Daemon periodic checks" [_thread_blocked, id=5652, stack(0x00000060d6f00000,0x00000060d7000000)]
  0x000001b65fc59800 JavaThread "Daemon" [_thread_blocked, id=6040, stack(0x00000060d7000000,0x00000060d7100000)]
  0x000001b65fc5a800 JavaThread "Handler for socket connection from /127.0.0.1:50579 to /127.0.0.1:50580" [_thread_in_native, id=2392, stack(0x00000060d7100000,0x00000060d7200000)]
  0x000001b65fc5b000 JavaThread "Cancel handler" [_thread_blocked, id=6172, stack(0x00000060d7200000,0x00000060d7300000)]
  0x000001b65fc57000 JavaThread "Daemon worker" [_thread_blocked, id=9100, stack(0x00000060d7300000,0x00000060d7400000)]
  0x000001b65fc55800 JavaThread "Asynchronous log dispatcher for DefaultDaemonConnection: socket connection from /127.0.0.1:50579 to /127.0.0.1:50580" [_thread_blocked, id=2236, stack(0x00000060d7400000,0x00000060d7500000)]
  0x000001b65f028800 JavaThread "Daemon client event forwarder" [_thread_blocked, id=8244, stack(0x00000060d7600000,0x00000060d7700000)]
  0x000001b65f02a000 JavaThread "Cache worker for journal cache (C:\Users\User\.gradle\caches\journal-1)" [_thread_blocked, id=6248, stack(0x00000060d7900000,0x00000060d7a00000)]
  0x000001b65f025000 JavaThread "File lock request listener" [_thread_in_native, id=8900, stack(0x00000060d7a00000,0x00000060d7b00000)]
  0x000001b65f026800 JavaThread "Cache worker for file hash cache (C:\Users\User\.gradle\caches\7.3.3\fileHashes)" [_thread_blocked, id=9160, stack(0x00000060d7b00000,0x00000060d7c00000)]
  0x000001b65f029000 JavaThread "Cache worker for file hash cache (D:\JAVA\AmaliyDars\PDP Task\RecyclerViewExamle_2\.gradle\7.3.3\fileHashes)" [_thread_blocked, id=4968, stack(0x00000060d7c00000,0x00000060d7d00000)]
  0x000001b65f026000 JavaThread "File watcher server" daemon [_thread_blocked, id=5856, stack(0x00000060d7d00000,0x00000060d7e00000)]
  0x000001b65f027800 JavaThread "File watcher consumer" daemon [_thread_blocked, id=6304, stack(0x00000060d7e00000,0x00000060d7f00000)]
  0x000001b65f024800 JavaThread "Cache worker for checksums cache (D:\JAVA\AmaliyDars\PDP Task\RecyclerViewExamle_2\.gradle\7.3.3\checksums)" [_thread_blocked, id=9040, stack(0x00000060d7f00000,0x00000060d8000000)]
  0x000001b65f02e000 JavaThread "Cache worker for cache directory md-supplier (C:\Users\User\.gradle\caches\7.3.3\md-supplier)" [_thread_blocked, id=6008, stack(0x00000060d8000000,0x00000060d8100000)]
  0x000001b65f030800 JavaThread "Cache worker for cache directory md-rule (C:\Users\User\.gradle\caches\7.3.3\md-rule)" [_thread_blocked, id=7644, stack(0x00000060d8100000,0x00000060d8200000)]
  0x000001b65f02f800 JavaThread "Cache worker for execution history cache (C:\Users\User\.gradle\caches\7.3.3\executionHistory)" [_thread_blocked, id=6544, stack(0x00000060d8200000,0x00000060d8300000)]
  0x000001b65f02b000 JavaThread "jar transforms" [_thread_blocked, id=3076, stack(0x00000060d8300000,0x00000060d8400000)]
  0x000001b65f031800 JavaThread "Cache worker for file content cache (C:\Users\User\.gradle\caches\7.3.3\fileContent)" [_thread_blocked, id=1340, stack(0x00000060d8400000,0x00000060d8500000)]
  0x000001b65f02b800 JavaThread "jar transforms Thread 2" [_thread_blocked, id=2916, stack(0x00000060d8500000,0x00000060d8600000)]
  0x000001b65f032000 JavaThread "Cache worker for dependencies-accessors (D:\JAVA\AmaliyDars\PDP Task\RecyclerViewExamle_2\.gradle\7.3.3\dependencies-accessors)" [_thread_blocked, id=1552, stack(0x00000060d8600000,0x00000060d8700000)]
  0x000001b65f033000 JavaThread "jar transforms Thread 3" [_thread_blocked, id=2660, stack(0x00000060d8700000,0x00000060d8800000)]
  0x000001b662765800 JavaThread "Cache worker for Build Output Cleanup Cache (D:\JAVA\AmaliyDars\PDP Task\RecyclerViewExamle_2\.gradle\buildOutputCleanup)" [_thread_blocked, id=7052, stack(0x00000060d8800000,0x00000060d8900000)]
  0x000001b662764800 JavaThread "Unconstrained build operations" [_thread_blocked, id=1736, stack(0x00000060d8900000,0x00000060d8a00000)]
  0x000001b662761800 JavaThread "Unconstrained build operations Thread 2" [_thread_blocked, id=7224, stack(0x00000060d8a00000,0x00000060d8b00000)]
  0x000001b662763800 JavaThread "Unconstrained build operations Thread 3" [_thread_blocked, id=3840, stack(0x00000060d8b00000,0x00000060d8c00000)]
  0x000001b662767000 JavaThread "Unconstrained build operations Thread 4" [_thread_blocked, id=5820, stack(0x00000060d8c00000,0x00000060d8d00000)]
  0x000001b662766000 JavaThread "Unconstrained build operations Thread 5" [_thread_blocked, id=6080, stack(0x00000060d8d00000,0x00000060d8e00000)]
  0x000001b662763000 JavaThread "Unconstrained build operations Thread 6" [_thread_blocked, id=6128, stack(0x00000060d8e00000,0x00000060d8f00000)]
  0x000001b662768000 JavaThread "Unconstrained build operations Thread 7" [_thread_blocked, id=5324, stack(0x00000060d8f00000,0x00000060d9000000)]
  0x000001b662762000 JavaThread "Unconstrained build operations Thread 8" [_thread_blocked, id=5260, stack(0x00000060d9000000,0x00000060d9100000)]
  0x000001b662769800 JavaThread "Unconstrained build operations Thread 9" [_thread_blocked, id=1556, stack(0x00000060d9100000,0x00000060d9200000)]
  0x000001b66276c000 JavaThread "Unconstrained build operations Thread 10" [_thread_blocked, id=8768, stack(0x00000060d9200000,0x00000060d9300000)]
  0x000001b662768800 JavaThread "Unconstrained build operations Thread 11" [_thread_blocked, id=6168, stack(0x00000060d9300000,0x00000060d9400000)]
  0x000001b66276a800 JavaThread "Unconstrained build operations Thread 12" [_thread_blocked, id=5508, stack(0x00000060d9400000,0x00000060d9500000)]
  0x000001b66276c800 JavaThread "Unconstrained build operations Thread 13" [_thread_blocked, id=8688, stack(0x00000060d9500000,0x00000060d9600000)]
  0x000001b66276b000 JavaThread "Unconstrained build operations Thread 14" [_thread_blocked, id=5268, stack(0x00000060d9600000,0x00000060d9700000)]
  0x000001b66276e800 JavaThread "Unconstrained build operations Thread 15" [_thread_blocked, id=2084, stack(0x00000060d9700000,0x00000060d9800000)]
  0x000001b662770000 JavaThread "Unconstrained build operations Thread 16" [_thread_blocked, id=4564, stack(0x00000060d9800000,0x00000060d9900000)]
  0x000001b66276f000 JavaThread "Unconstrained build operations Thread 17" [_thread_blocked, id=6972, stack(0x00000060d9900000,0x00000060d9a00000)]
  0x000001b66276d800 JavaThread "Unconstrained build operations Thread 18" [_thread_blocked, id=2760, stack(0x00000060d9a00000,0x00000060d9b00000)]
  0x000001b6601b5800 JavaThread "Unconstrained build operations Thread 19" [_thread_blocked, id=7472, stack(0x00000060d9b00000,0x00000060d9c00000)]
  0x000001b6601b2800 JavaThread "Unconstrained build operations Thread 20" [_thread_blocked, id=1280, stack(0x00000060d9c00000,0x00000060d9d00000)]
  0x000001b6601b3000 JavaThread "Unconstrained build operations Thread 21" [_thread_blocked, id=8964, stack(0x00000060d9d00000,0x00000060d9e00000)]
  0x000001b6601b4000 JavaThread "Unconstrained build operations Thread 22" [_thread_blocked, id=7132, stack(0x00000060d9e00000,0x00000060d9f00000)]
  0x000001b6601b6800 JavaThread "Unconstrained build operations Thread 23" [_thread_blocked, id=4576, stack(0x00000060d9f00000,0x00000060da000000)]
  0x000001b6601b4800 JavaThread "Unconstrained build operations Thread 24" [_thread_blocked, id=1224, stack(0x00000060da000000,0x00000060da100000)]
  0x000001b6601b0800 JavaThread "Unconstrained build operations Thread 25" [_thread_blocked, id=8460, stack(0x00000060da100000,0x00000060da200000)]
  0x000001b6601b7000 JavaThread "Unconstrained build operations Thread 26" [_thread_blocked, id=7032, stack(0x00000060da200000,0x00000060da300000)]
  0x000001b6601b1800 JavaThread "Unconstrained build operations Thread 27" [_thread_blocked, id=2716, stack(0x00000060da300000,0x00000060da400000)]
  0x000001b6601bc000 JavaThread "Unconstrained build operations Thread 28" [_thread_blocked, id=2920, stack(0x00000060da400000,0x00000060da500000)]
  0x000001b6601bd000 JavaThread "Unconstrained build operations Thread 29" [_thread_blocked, id=6740, stack(0x00000060da500000,0x00000060da600000)]
  0x000001b6601b9800 JavaThread "Unconstrained build operations Thread 30" [_thread_blocked, id=2848, stack(0x00000060da600000,0x00000060da700000)]
  0x000001b6601b9000 JavaThread "Unconstrained build operations Thread 31" [_thread_blocked, id=9048, stack(0x00000060da700000,0x00000060da800000)]
  0x000001b6601ba800 JavaThread "Unconstrained build operations Thread 32" [_thread_blocked, id=8040, stack(0x00000060da800000,0x00000060da900000)]
  0x000001b6601bb000 JavaThread "Unconstrained build operations Thread 33" [_thread_blocked, id=4036, stack(0x00000060da900000,0x00000060daa00000)]
  0x000001b6601bd800 JavaThread "Unconstrained build operations Thread 34" [_thread_blocked, id=4220, stack(0x00000060daa00000,0x00000060dab00000)]
  0x000001b6601b8000 JavaThread "Unconstrained build operations Thread 35" [_thread_blocked, id=8700, stack(0x00000060dab00000,0x00000060dac00000)]
  0x000001b6601be800 JavaThread "Unconstrained build operations Thread 36" [_thread_blocked, id=4344, stack(0x00000060dac00000,0x00000060dad00000)]
  0x000001b6601bf800 JavaThread "Unconstrained build operations Thread 37" [_thread_blocked, id=3776, stack(0x00000060dad00000,0x00000060dae00000)]
  0x000001b660b80000 JavaThread "Unconstrained build operations Thread 38" [_thread_blocked, id=7600, stack(0x00000060dae00000,0x00000060daf00000)]
  0x000001b660b86800 JavaThread "Unconstrained build operations Thread 39" [_thread_blocked, id=1452, stack(0x00000060daf00000,0x00000060db000000)]
  0x000001b660b84000 JavaThread "Unconstrained build operations Thread 40" [_thread_blocked, id=6156, stack(0x00000060db000000,0x00000060db100000)]
  0x000001b660b82800 JavaThread "jar transforms Thread 4" [_thread_blocked, id=5980, stack(0x00000060db100000,0x00000060db200000)]
  0x000001b660b83800 JavaThread "Memory manager" [_thread_blocked, id=1956, stack(0x00000060db400000,0x00000060db500000)]
  0x000001b660b85000 JavaThread "build event listener" [_thread_blocked, id=9068, stack(0x00000060db500000,0x00000060db600000)]
  0x000001b660b86000 JavaThread "Execution worker for ':'" [_thread_blocked, id=7164, stack(0x00000060db600000,0x00000060db700000)]
  0x000001b660b81000 JavaThread "Execution worker for ':' Thread 2" [_thread_blocked, id=8364, stack(0x00000060db700000,0x00000060db800000)]
  0x000001b660b87800 JavaThread "Execution worker for ':' Thread 3" [_thread_blocked, id=9016, stack(0x00000060db800000,0x00000060db900000)]
  0x000001b660b82000 JavaThread "Cache worker for execution history cache (D:\JAVA\AmaliyDars\PDP Task\RecyclerViewExamle_2\.gradle\7.3.3\executionHistory)" [_thread_blocked, id=2432, stack(0x00000060db900000,0x00000060dba00000)]
  0x000001b660b8b000 JavaThread "WorkerExecutor Queue" [_thread_blocked, id=480, stack(0x00000060dba00000,0x00000060dbb00000)]
  0x000001b660b8c800 JavaThread "WorkerExecutor Queue Thread 2" [_thread_blocked, id=1076, stack(0x00000060d5800000,0x00000060d5900000)]
  0x000001b660b89000 JavaThread "WorkerExecutor Queue Thread 3" [_thread_blocked, id=4136, stack(0x00000060d5900000,0x00000060d5a00000)]
  0x000001b660b8d000 JavaThread "WorkerExecutor Queue Thread 4" [_thread_blocked, id=5372, stack(0x00000060d5a00000,0x00000060d5b00000)]
  0x000001b660b8e000 JavaThread "pool-3-thread-1" [_thread_blocked, id=7156, stack(0x00000060dbb00000,0x00000060dbc00000)]
  0x000001b660b8a000 JavaThread "stderr" [_thread_in_native, id=3472, stack(0x00000060db200000,0x00000060db300000)]
  0x000001b660b88800 JavaThread "stdout" [_thread_in_native, id=1448, stack(0x00000060dbc00000,0x00000060dbd00000)]
  0x000001b668c69000 JavaThread "C2 CompilerThread1" daemon [_thread_blocked, id=6488, stack(0x00000060d7500000,0x00000060d7600000)]

Other Threads:
=>0x000001b65d742000 VMThread "VM Thread" [stack: 0x00000060d6100000,0x00000060d6200000] [id=6572]
  0x000001b65e26c800 WatcherThread [stack: 0x00000060d6b00000,0x00000060d6c00000] [id=260]
  0x000001b6433e5800 GCTaskThread "GC Thread#0" [stack: 0x00000060d5c00000,0x00000060d5d00000] [id=6296]
  0x000001b65e6af800 GCTaskThread "GC Thread#1" [stack: 0x00000060d6c00000,0x00000060d6d00000] [id=3364]
  0x000001b65f03a800 GCTaskThread "GC Thread#2" [stack: 0x00000060d7700000,0x00000060d7800000] [id=7744]
  0x000001b65e3ed000 GCTaskThread "GC Thread#3" [stack: 0x00000060d7800000,0x00000060d7900000] [id=8144]
  0x000001b643415000 ConcurrentGCThread "G1 Main Marker" [stack: 0x00000060d5d00000,0x00000060d5e00000] [id=5296]
  0x000001b643416800 ConcurrentGCThread "G1 Conc#0" [stack: 0x00000060d5e00000,0x00000060d5f00000] [id=8052]
  0x000001b643470000 ConcurrentGCThread "G1 Refine#0" [stack: 0x00000060d5f00000,0x00000060d6000000] [id=6768]
  0x000001b643471000 ConcurrentGCThread "G1 Young RemSet Sampling" [stack: 0x00000060d6000000,0x00000060d6100000] [id=7456]

Threads with active compile tasks:
C2 CompilerThread0 205723 19711 %     4       com.android.tools.r8.ir.regalloc.b::a @ 1550 (1832 bytes)
C2 CompilerThread1 205723 20065 %     4       com.android.tools.r8.ir.regalloc.b::c @ 1373 (3963 bytes)

VM state:at safepoint (normal execution)

VM Mutex/Monitor currently owned by a thread:  ([mutex/lock_event])
[0x000001b6433c84e0] Threads_lock - owner thread: 0x000001b65d742000
[0x000001b6433c68c0] Heap_lock - owner thread: 0x000001b660b84000

Heap address: 0x0000000080000000, size: 2048 MB, Compressed Oops mode: 32-bit
Narrow klass base: 0x0000000000000000, Narrow klass shift: 3
Compressed class space size: 1073741824 Address: 0x0000000100000000

Heap:
 garbage-first heap   total 576512K, used 136974K [0x0000000080000000, 0x0000000100000000)
  region size 1024K, 2 young (2048K), 2 survivors (2048K)
 Metaspace       used 114784K, capacity 117890K, committed 118016K, reserved 1150976K
  class space    used 14383K, capacity 15583K, committed 15616K, reserved 1048576K
Heap Regions: E=young(eden), S=young(survivor), O=old, HS=humongous(starts), HC=humongous(continues), CS=collection set, F=free, A=archive, TAMS=top-at-mark-start (previous, next)
|   0|0x0000000080000000, 0x0000000080100000, 0x0000000080100000|100%| O|  |TAMS 0x0000000080100000, 0x0000000080000000| Untracked 
|   1|0x0000000080100000, 0x0000000080200000, 0x0000000080200000|100%| O|  |TAMS 0x0000000080200000, 0x0000000080100000| Untracked 
|   2|0x0000000080200000, 0x0000000080300000, 0x0000000080300000|100%| O|  |TAMS 0x0000000080300000, 0x0000000080200000| Untracked 
|   3|0x0000000080300000, 0x0000000080400000, 0x0000000080400000|100%|HS|  |TAMS 0x0000000080400000, 0x0000000080300000| Complete 
|   4|0x0000000080400000, 0x0000000080500000, 0x0000000080500000|100%|HC|  |TAMS 0x0000000080500000, 0x0000000080400000| Complete 
|   5|0x0000000080500000, 0x0000000080600000, 0x0000000080600000|100%|HC|  |TAMS 0x0000000080600000, 0x0000000080500000| Complete 
|   6|0x0000000080600000, 0x0000000080700000, 0x0000000080700000|100%| O|  |TAMS 0x0000000080700000, 0x0000000080600000| Untracked 
|   7|0x0000000080700000, 0x0000000080800000, 0x0000000080800000|100%| O|  |TAMS 0x0000000080800000, 0x0000000080700000| Untracked 
|   8|0x0000000080800000, 0x0000000080900000, 0x0000000080900000|100%| O|  |TAMS 0x0000000080900000, 0x0000000080800000| Untracked 
|   9|0x0000000080900000, 0x0000000080a00000, 0x0000000080a00000|100%| O|  |TAMS 0x0000000080a00000, 0x0000000080900000| Untracked 
|  10|0x0000000080a00000, 0x0000000080b00000, 0x0000000080b00000|100%| O|  |TAMS 0x0000000080b00000, 0x0000000080a00000| Untracked 
|  11|0x0000000080b00000, 0x0000000080c00000, 0x0000000080c00000|100%| O|  |TAMS 0x0000000080c00000, 0x0000000080b00000| Untracked 
|  12|0x0000000080c00000, 0x0000000080d00000, 0x0000000080d00000|100%| O|  |TAMS 0x0000000080d00000, 0x0000000080c00000| Untracked 
|  13|0x0000000080d00000, 0x0000000080e00000, 0x0000000080e00000|100%| O|  |TAMS 0x0000000080e00000, 0x0000000080d00000| Untracked 
|  14|0x0000000080e00000, 0x0000000080f00000, 0x0000000080f00000|100%| O|  |TAMS 0x0000000080f00000, 0x0000000080e00000| Untracked 
|  15|0x0000000080f00000, 0x0000000081000000, 0x0000000081000000|100%| O|  |TAMS 0x0000000081000000, 0x0000000080f00000| Untracked 
|  16|0x0000000081000000, 0x0000000081100000, 0x0000000081100000|100%| O|  |TAMS 0x0000000081100000, 0x0000000081000000| Untracked 
|  17|0x0000000081100000, 0x0000000081200000, 0x0000000081200000|100%| O|  |TAMS 0x0000000081200000, 0x0000000081100000| Untracked 
|  18|0x0000000081200000, 0x0000000081300000, 0x0000000081300000|100%| O|  |TAMS 0x0000000081300000, 0x0000000081200000| Untracked 
|  19|0x0000000081300000, 0x0000000081400000, 0x0000000081400000|100%| O|  |TAMS 0x0000000081400000, 0x0000000081300000| Untracked 
|  20|0x0000000081400000, 0x0000000081500000, 0x0000000081500000|100%| O|  |TAMS 0x0000000081500000, 0x0000000081400000| Untracked 
|  21|0x0000000081500000, 0x0000000081600000, 0x0000000081600000|100%| O|  |TAMS 0x0000000081600000, 0x0000000081500000| Untracked 
|  22|0x0000000081600000, 0x0000000081700000, 0x0000000081700000|100%| O|  |TAMS 0x0000000081700000, 0x0000000081600000| Untracked 
|  23|0x0000000081700000, 0x0000000081800000, 0x0000000081800000|100%| O|  |TAMS 0x0000000081800000, 0x0000000081700000| Untracked 
|  24|0x0000000081800000, 0x0000000081900000, 0x0000000081900000|100%| O|  |TAMS 0x0000000081900000, 0x0000000081800000| Untracked 
|  25|0x0000000081900000, 0x0000000081a00000, 0x0000000081a00000|100%| O|  |TAMS 0x0000000081a00000, 0x0000000081900000| Untracked 
|  26|0x0000000081a00000, 0x0000000081b00000, 0x0000000081b00000|100%| O|  |TAMS 0x0000000081b00000, 0x0000000081a00000| Untracked 
|  27|0x0000000081b00000, 0x0000000081c00000, 0x0000000081c00000|100%| O|  |TAMS 0x0000000081c00000, 0x0000000081b00000| Untracked 
|  28|0x0000000081c00000, 0x0000000081d00000, 0x0000000081d00000|100%| O|  |TAMS 0x0000000081d00000, 0x0000000081c00000| Untracked 
|  29|0x0000000081d00000, 0x0000000081e00000, 0x0000000081e00000|100%|HS|  |TAMS 0x0000000081e00000, 0x0000000081d00000| Complete 
|  30|0x0000000081e00000, 0x0000000081f00000, 0x0000000081f00000|100%|HS|  |TAMS 0x0000000081f00000, 0x0000000081e00000| Complete 
|  31|0x0000000081f00000, 0x0000000082000000, 0x0000000082000000|100%|HS|  |TAMS 0x0000000082000000, 0x0000000081f00000| Complete 
|  32|0x0000000082000000, 0x0000000082100000, 0x0000000082100000|100%|HC|  |TAMS 0x0000000082100000, 0x0000000082000000| Complete 
|  33|0x0000000082100000, 0x0000000082200000, 0x0000000082200000|100%| O|  |TAMS 0x0000000082200000, 0x0000000082100000| Untracked 
|  34|0x0000000082200000, 0x0000000082300000, 0x0000000082300000|100%| O|  |TAMS 0x0000000082300000, 0x0000000082200000| Untracked 
|  35|0x0000000082300000, 0x0000000082400000, 0x0000000082400000|100%| O|  |TAMS 0x0000000082400000, 0x0000000082300000| Untracked 
|  36|0x0000000082400000, 0x0000000082500000, 0x0000000082500000|100%| O|  |TAMS 0x0000000082500000, 0x0000000082400000| Untracked 
|  37|0x0000000082500000, 0x0000000082600000, 0x0000000082600000|100%| O|  |TAMS 0x0000000082600000, 0x0000000082500000| Untracked 
|  38|0x0000000082600000, 0x0000000082700000, 0x0000000082700000|100%| O|  |TAMS 0x0000000082700000, 0x0000000082600000| Untracked 
|  39|0x0000000082700000, 0x0000000082800000, 0x0000000082800000|100%| O|  |TAMS 0x0000000082800000, 0x0000000082700000| Untracked 
|  40|0x0000000082800000, 0x0000000082900000, 0x0000000082900000|100%| O|  |TAMS 0x0000000082900000, 0x0000000082800000| Untracked 
|  41|0x0000000082900000, 0x0000000082a00000, 0x0000000082a00000|100%| O|  |TAMS 0x0000000082a00000, 0x0000000082900000| Untracked 
|  42|0x0000000082a00000, 0x0000000082b00000, 0x0000000082b00000|100%| O|  |TAMS 0x0000000082b00000, 0x0000000082a00000| Untracked 
|  43|0x0000000082b00000, 0x0000000082c00000, 0x0000000082c00000|100%| O|  |TAMS 0x0000000082c00000, 0x0000000082b00000| Untracked 
|  44|0x0000000082c00000, 0x0000000082d00000, 0x0000000082d00000|100%| O|  |TAMS 0x0000000082d00000, 0x0000000082c00000| Untracked 
|  45|0x0000000082d00000, 0x0000000082e00000, 0x0000000082e00000|100%| O|  |TAMS 0x0000000082e00000, 0x0000000082d00000| Untracked 
|  46|0x0000000082e00000, 0x0000000082f00000, 0x0000000082f00000|100%| O|  |TAMS 0x0000000082f00000, 0x0000000082e00000| Untracked 
|  47|0x0000000082f00000, 0x0000000083000000, 0x0000000083000000|100%| O|  |TAMS 0x0000000083000000, 0x0000000082f00000| Untracked 
|  48|0x0000000083000000, 0x0000000083100000, 0x0000000083100000|100%| O|  |TAMS 0x0000000083100000, 0x0000000083000000| Untracked 
|  49|0x0000000083100000, 0x0000000083200000, 0x0000000083200000|100%| O|  |TAMS 0x0000000083200000, 0x0000000083100000| Untracked 
|  50|0x0000000083200000, 0x0000000083300000, 0x0000000083300000|100%| O|  |TAMS 0x0000000083300000, 0x0000000083200000| Untracked 
|  51|0x0000000083300000, 0x0000000083400000, 0x0000000083400000|100%| O|  |TAMS 0x0000000083400000, 0x0000000083300000| Untracked 
|  52|0x0000000083400000, 0x0000000083500000, 0x0000000083500000|100%| O|  |TAMS 0x0000000083500000, 0x0000000083400000| Untracked 
|  53|0x0000000083500000, 0x0000000083600000, 0x0000000083600000|100%| O|  |TAMS 0x0000000083600000, 0x0000000083500000| Untracked 
|  54|0x0000000083600000, 0x0000000083700000, 0x0000000083700000|100%| O|  |TAMS 0x0000000083700000, 0x0000000083600000| Untracked 
|  55|0x0000000083700000, 0x0000000083800000, 0x0000000083800000|100%| O|  |TAMS 0x0000000083800000, 0x0000000083700000| Untracked 
|  56|0x0000000083800000, 0x0000000083900000, 0x0000000083900000|100%| O|  |TAMS 0x0000000083900000, 0x0000000083800000| Untracked 
|  57|0x0000000083900000, 0x0000000083a00000, 0x0000000083a00000|100%| O|  |TAMS 0x0000000083a00000, 0x0000000083900000| Untracked 
|  58|0x0000000083a00000, 0x0000000083b00000, 0x0000000083b00000|100%| O|  |TAMS 0x0000000083b00000, 0x0000000083a00000| Untracked 
|  59|0x0000000083b00000, 0x0000000083c00000, 0x0000000083c00000|100%| O|  |TAMS 0x0000000083c00000, 0x0000000083b00000| Untracked 
|  60|0x0000000083c00000, 0x0000000083d00000, 0x0000000083d00000|100%| O|  |TAMS 0x0000000083d00000, 0x0000000083c00000| Untracked 
|  61|0x0000000083d00000, 0x0000000083e00000, 0x0000000083e00000|100%| O|  |TAMS 0x0000000083e00000, 0x0000000083d00000| Untracked 
|  62|0x0000000083e00000, 0x0000000083f00000, 0x0000000083f00000|100%| O|  |TAMS 0x0000000083f00000, 0x0000000083e00000| Untracked 
|  63|0x0000000083f00000, 0x0000000084000000, 0x0000000084000000|100%| O|  |TAMS 0x0000000084000000, 0x0000000083f00000| Untracked 
|  64|0x0000000084000000, 0x0000000084100000, 0x0000000084100000|100%| O|  |TAMS 0x0000000084100000, 0x0000000084000000| Untracked 
|  65|0x0000000084100000, 0x0000000084200000, 0x0000000084200000|100%| O|  |TAMS 0x0000000084200000, 0x0000000084100000| Untracked 
|  66|0x0000000084200000, 0x0000000084300000, 0x0000000084300000|100%| O|  |TAMS 0x0000000084300000, 0x0000000084200000| Untracked 
|  67|0x0000000084300000, 0x0000000084400000, 0x0000000084400000|100%| O|  |TAMS 0x0000000084300000, 0x0000000084300000| Untracked 
|  68|0x0000000084400000, 0x0000000084500000, 0x0000000084500000|100%| O|  |TAMS 0x0000000084400000, 0x0000000084400000| Untracked 
|  69|0x0000000084500000, 0x0000000084600000, 0x0000000084600000|100%| O|  |TAMS 0x0000000084500000, 0x0000000084500000| Untracked 
|  70|0x0000000084600000, 0x0000000084700000, 0x0000000084700000|100%| O|  |TAMS 0x0000000084700000, 0x0000000084600000| Untracked 
|  71|0x0000000084700000, 0x0000000084800000, 0x0000000084800000|100%| O|  |TAMS 0x0000000084800000, 0x0000000084700000| Untracked 
|  72|0x0000000084800000, 0x0000000084900000, 0x0000000084900000|100%| O|  |TAMS 0x0000000084800000, 0x0000000084800000| Untracked 
|  73|0x0000000084900000, 0x0000000084a00000, 0x0000000084a00000|100%| O|  |TAMS 0x0000000084a00000, 0x0000000084900000| Untracked 
|  74|0x0000000084a00000, 0x0000000084b00000, 0x0000000084b00000|100%| O|  |TAMS 0x0000000084a00000, 0x0000000084a00000| Untracked 
|  75|0x0000000084b00000, 0x0000000084c00000, 0x0000000084c00000|100%| O|  |TAMS 0x0000000084b00000, 0x0000000084b00000| Untracked 
|  76|0x0000000084c00000, 0x0000000084d00000, 0x0000000084d00000|100%| O|  |TAMS 0x0000000084d00000, 0x0000000084c00000| Untracked 
|  77|0x0000000084d00000, 0x0000000084e00000, 0x0000000084e00000|100%| O|  |TAMS 0x0000000084d00000, 0x0000000084d00000| Untracked 
|  78|0x0000000084e00000, 0x0000000084f00000, 0x0000000084f00000|100%| O|  |TAMS 0x0000000084e00000, 0x0000000084e00000| Untracked 
|  79|0x0000000084f00000, 0x0000000085000000, 0x0000000085000000|100%| O|  |TAMS 0x0000000084f00000, 0x0000000084f00000| Untracked 
|  80|0x0000000085000000, 0x0000000085100000, 0x0000000085100000|100%| O|  |TAMS 0x0000000085000000, 0x0000000085000000| Untracked 
|  81|0x0000000085100000, 0x0000000085200000, 0x0000000085200000|100%| O|  |TAMS 0x0000000085100000, 0x0000000085100000| Untracked 
|  82|0x0000000085200000, 0x0000000085300000, 0x0000000085300000|100%| O|  |TAMS 0x0000000085200000, 0x0000000085200000| Untracked 
|  83|0x0000000085300000, 0x0000000085400000, 0x0000000085400000|100%| O|  |TAMS 0x0000000085300000, 0x0000000085300000| Untracked 
|  84|0x0000000085400000, 0x0000000085500000, 0x0000000085500000|100%| O|  |TAMS 0x0000000085400000, 0x0000000085400000| Untracked 
|  85|0x0000000085500000, 0x0000000085600000, 0x0000000085600000|100%| O|  |TAMS 0x0000000085500000, 0x0000000085500000| Untracked 
|  86|0x0000000085600000, 0x0000000085700000, 0x0000000085700000|100%| O|  |TAMS 0x0000000085600000, 0x0000000085600000| Untracked 
|  87|0x0000000085700000, 0x0000000085800000, 0x0000000085800000|100%| O|  |TAMS 0x0000000085700000, 0x0000000085700000| Untracked 
|  88|0x0000000085800000, 0x0000000085900000, 0x0000000085900000|100%| O|  |TAMS 0x0000000085800000, 0x0000000085800000| Untracked 
|  89|0x0000000085900000, 0x0000000085a00000, 0x0000000085a00000|100%| O|  |TAMS 0x0000000085a00000, 0x0000000085900000| Untracked 
|  90|0x0000000085a00000, 0x0000000085b00000, 0x0000000085b00000|100%| O|  |TAMS 0x0000000085b00000, 0x0000000085a00000| Untracked 
|  91|0x0000000085b00000, 0x0000000085c00000, 0x0000000085c00000|100%| O|  |TAMS 0x0000000085b00000, 0x0000000085b00000| Untracked 
|  92|0x0000000085c00000, 0x0000000085d00000, 0x0000000085d00000|100%| O|  |TAMS 0x0000000085c00000, 0x0000000085c00000| Untracked 
|  93|0x0000000085d00000, 0x0000000085e00000, 0x0000000085e00000|100%| O|  |TAMS 0x0000000085d00000, 0x0000000085d00000| Untracked 
|  94|0x0000000085e00000, 0x0000000085f00000, 0x0000000085f00000|100%| O|  |TAMS 0x0000000085e00000, 0x0000000085e00000| Untracked 
|  95|0x0000000085f00000, 0x0000000086000000, 0x0000000086000000|100%| O|  |TAMS 0x0000000085f00000, 0x0000000085f00000| Untracked 
|  96|0x0000000086000000, 0x0000000086100000, 0x0000000086100000|100%| O|  |TAMS 0x0000000086000000, 0x0000000086000000| Untracked 
|  97|0x0000000086100000, 0x0000000086200000, 0x0000000086200000|100%| O|  |TAMS 0x0000000086100000, 0x0000000086100000| Untracked 
|  98|0x0000000086200000, 0x0000000086300000, 0x0000000086300000|100%| O|  |TAMS 0x0000000086200000, 0x0000000086200000| Untracked 
|  99|0x0000000086300000, 0x0000000086400000, 0x0000000086400000|100%| O|  |TAMS 0x0000000086300000, 0x0000000086300000| Untracked 
| 100|0x0000000086400000, 0x0000000086500000, 0x0000000086500000|100%| O|  |TAMS 0x0000000086400000, 0x0000000086400000| Untracked 
| 101|0x0000000086500000, 0x0000000086600000, 0x0000000086600000|100%| O|  |TAMS 0x0000000086600000, 0x0000000086500000| Untracked 
| 102|0x0000000086600000, 0x0000000086700000, 0x0000000086700000|100%| O|  |TAMS 0x0000000086700000, 0x0000000086600000| Untracked 
| 103|0x0000000086700000, 0x0000000086800000, 0x0000000086800000|100%| O|  |TAMS 0x0000000086700000, 0x0000000086700000| Untracked 
| 104|0x0000000086800000, 0x0000000086900000, 0x0000000086900000|100%| O|  |TAMS 0x0000000086800000, 0x0000000086800000| Untracked 
| 105|0x0000000086900000, 0x0000000086a00000, 0x0000000086a00000|100%| O|  |TAMS 0x0000000086900000, 0x0000000086900000| Untracked 
| 106|0x0000000086a00000, 0x0000000086b00000, 0x0000000086b00000|100%| O|  |TAMS 0x0000000086a00000, 0x0000000086a00000| Untracked 
| 107|0x0000000086b00000, 0x0000000086c00000, 0x0000000086c00000|100%| O|  |TAMS 0x0000000086b00000, 0x0000000086b00000| Untracked 
| 108|0x0000000086c00000, 0x0000000086d00000, 0x0000000086d00000|100%| O|  |TAMS 0x0000000086c00000, 0x0000000086c00000| Untracked 
| 109|0x0000000086d00000, 0x0000000086e00000, 0x0000000086e00000|100%| O|  |TAMS 0x0000000086d00000, 0x0000000086d00000| Untracked 
| 110|0x0000000086e00000, 0x0000000086f00000, 0x0000000086f00000|100%| O|  |TAMS 0x0000000086e00000, 0x0000000086e00000| Untracked 
| 111|0x0000000086f00000, 0x0000000087000000, 0x0000000087000000|100%| O|  |TAMS 0x0000000086f00000, 0x0000000086f00000| Untracked 
| 112|0x0000000087000000, 0x0000000087100000, 0x0000000087100000|100%| O|  |TAMS 0x0000000087000000, 0x0000000087000000| Untracked 
| 113|0x0000000087100000, 0x0000000087200000, 0x0000000087200000|100%| O|  |TAMS 0x0000000087100000, 0x0000000087100000| Untracked 
| 114|0x0000000087200000, 0x0000000087300000, 0x0000000087300000|100%| O|  |TAMS 0x0000000087200000, 0x0000000087200000| Untracked 
| 115|0x0000000087300000, 0x0000000087400000, 0x0000000087400000|100%| O|  |TAMS 0x0000000087300000, 0x0000000087300000| Untracked 
| 116|0x0000000087400000, 0x0000000087500000, 0x0000000087500000|100%| O|  |TAMS 0x0000000087400000, 0x0000000087400000| Untracked 
| 117|0x0000000087500000, 0x0000000087600000, 0x0000000087600000|100%| O|  |TAMS 0x0000000087500000, 0x0000000087500000| Untracked 
| 118|0x0000000087600000, 0x0000000087700000, 0x0000000087700000|100%| O|  |TAMS 0x0000000087600000, 0x0000000087600000| Untracked 
| 119|0x0000000087700000, 0x0000000087800000, 0x0000000087800000|100%| O|  |TAMS 0x0000000087700000, 0x0000000087700000| Untracked 
| 120|0x0000000087800000, 0x0000000087900000, 0x0000000087900000|100%| O|  |TAMS 0x0000000087800000, 0x0000000087800000| Untracked 
| 121|0x0000000087900000, 0x0000000087a00000, 0x0000000087a00000|100%| O|  |TAMS 0x0000000087900000, 0x0000000087900000| Untracked 
| 122|0x0000000087a00000, 0x0000000087b00000, 0x0000000087b00000|100%| O|  |TAMS 0x0000000087a00000, 0x0000000087a00000| Untracked 
| 123|0x0000000087b00000, 0x0000000087c00000, 0x0000000087c00000|100%| O|  |TAMS 0x0000000087b00000, 0x0000000087b00000| Untracked 
| 124|0x0000000087c00000, 0x0000000087d00000, 0x0000000087d00000|100%| O|  |TAMS 0x0000000087c00000, 0x0000000087c00000| Untracked 
| 125|0x0000000087d00000, 0x0000000087e00000, 0x0000000087e00000|100%| O|  |TAMS 0x0000000087d00000, 0x0000000087d00000| Untracked 
| 126|0x0000000087e00000, 0x0000000087f00000, 0x0000000087f00000|100%| O|  |TAMS 0x0000000087e00000, 0x0000000087e00000| Untracked 
| 127|0x0000000087f00000, 0x0000000088000000, 0x0000000088000000|100%| O|  |TAMS 0x0000000087f00000, 0x0000000087f00000| Untracked 
| 128|0x0000000088000000, 0x0000000088100000, 0x0000000088100000|100%| O|  |TAMS 0x0000000088000000, 0x0000000088000000| Untracked 
| 129|0x0000000088100000, 0x0000000088200000, 0x0000000088200000|100%| O|  |TAMS 0x0000000088100000, 0x0000000088100000| Untracked 
| 130|0x0000000088200000, 0x0000000088300000, 0x0000000088300000|100%| O|  |TAMS 0x0000000088200000, 0x0000000088200000| Untracked 
| 131|0x0000000088300000, 0x0000000088400000, 0x0000000088400000|100%| O|  |TAMS 0x0000000088300000, 0x0000000088300000| Untracked 
| 132|0x0000000088400000, 0x0000000088460000, 0x0000000088500000| 37%| O|  |TAMS 0x0000000088400000, 0x0000000088400000| Untracked 
| 133|0x0000000088500000, 0x0000000088500000, 0x0000000088600000|  0%| F|  |TAMS 0x0000000088500000, 0x0000000088500000| Untracked 
| 134|0x0000000088600000, 0x0000000088600000, 0x0000000088700000|  0%| F|  |TAMS 0x0000000088600000, 0x0000000088600000| Untracked 
| 135|0x0000000088700000, 0x0000000088700000, 0x0000000088800000|  0%| F|  |TAMS 0x0000000088700000, 0x0000000088700000| Untracked 
| 136|0x0000000088800000, 0x0000000088800000, 0x0000000088900000|  0%| F|  |TAMS 0x0000000088800000, 0x0000000088800000| Untracked 
| 137|0x0000000088900000, 0x0000000088900000, 0x0000000088a00000|  0%| F|  |TAMS 0x0000000088900000, 0x0000000088900000| Untracked 
| 138|0x0000000088a00000, 0x0000000088a00000, 0x0000000088b00000|  0%| F|  |TAMS 0x0000000088a00000, 0x0000000088a00000| Untracked 
| 139|0x0000000088b00000, 0x0000000088b00000, 0x0000000088c00000|  0%| F|  |TAMS 0x0000000088b00000, 0x0000000088b00000| Untracked 
| 140|0x0000000088c00000, 0x0000000088c00000, 0x0000000088d00000|  0%| F|  |TAMS 0x0000000088c00000, 0x0000000088c00000| Untracked 
| 141|0x0000000088d00000, 0x0000000088d00000, 0x0000000088e00000|  0%| F|  |TAMS 0x0000000088d00000, 0x0000000088d00000| Untracked 
| 142|0x0000000088e00000, 0x0000000088e00000, 0x0000000088f00000|  0%| F|  |TAMS 0x0000000088e00000, 0x0000000088e00000| Untracked 
| 143|0x0000000088f00000, 0x0000000088f00000, 0x0000000089000000|  0%| F|  |TAMS 0x0000000088f00000, 0x0000000088f00000| Untracked 
| 144|0x0000000089000000, 0x0000000089000000, 0x0000000089100000|  0%| F|  |TAMS 0x0000000089000000, 0x0000000089000000| Untracked 
| 145|0x0000000089100000, 0x0000000089100000, 0x0000000089200000|  0%| F|  |TAMS 0x0000000089100000, 0x0000000089100000| Untracked 
| 146|0x0000000089200000, 0x0000000089200000, 0x0000000089300000|  0%| F|  |TAMS 0x0000000089200000, 0x0000000089200000| Untracked 
| 147|0x0000000089300000, 0x0000000089300000, 0x0000000089400000|  0%| F|  |TAMS 0x0000000089300000, 0x0000000089300000| Untracked 
| 148|0x0000000089400000, 0x0000000089400000, 0x0000000089500000|  0%| F|  |TAMS 0x0000000089400000, 0x0000000089400000| Untracked 
| 149|0x0000000089500000, 0x0000000089500000, 0x0000000089600000|  0%| F|  |TAMS 0x0000000089500000, 0x0000000089500000| Untracked 
| 150|0x0000000089600000, 0x0000000089600000, 0x0000000089700000|  0%| F|  |TAMS 0x0000000089600000, 0x0000000089600000| Untracked 
| 151|0x0000000089700000, 0x0000000089700000, 0x0000000089800000|  0%| F|  |TAMS 0x0000000089700000, 0x0000000089700000| Untracked 
| 152|0x0000000089800000, 0x0000000089800000, 0x0000000089900000|  0%| F|  |TAMS 0x0000000089800000, 0x0000000089800000| Untracked 
| 153|0x0000000089900000, 0x0000000089900000, 0x0000000089a00000|  0%| F|  |TAMS 0x0000000089900000, 0x0000000089900000| Untracked 
| 154|0x0000000089a00000, 0x0000000089a00000, 0x0000000089b00000|  0%| F|  |TAMS 0x0000000089a00000, 0x0000000089a00000| Untracked 
| 155|0x0000000089b00000, 0x0000000089b00000, 0x0000000089c00000|  0%| F|  |TAMS 0x0000000089b00000, 0x0000000089b00000| Untracked 
| 156|0x0000000089c00000, 0x0000000089c00000, 0x0000000089d00000|  0%| F|  |TAMS 0x0000000089c00000, 0x0000000089c00000| Untracked 
| 157|0x0000000089d00000, 0x0000000089d00000, 0x0000000089e00000|  0%| F|  |TAMS 0x0000000089d00000, 0x0000000089d00000| Untracked 
| 158|0x0000000089e00000, 0x0000000089e00000, 0x0000000089f00000|  0%| F|  |TAMS 0x0000000089e00000, 0x0000000089e00000| Untracked 
| 159|0x0000000089f00000, 0x0000000089f00000, 0x000000008a000000|  0%| F|  |TAMS 0x0000000089f00000, 0x0000000089f00000| Untracked 
| 160|0x000000008a000000, 0x000000008a000000, 0x000000008a100000|  0%| F|  |TAMS 0x000000008a000000, 0x000000008a000000| Untracked 
| 161|0x000000008a100000, 0x000000008a100000, 0x000000008a200000|  0%| F|  |TAMS 0x000000008a100000, 0x000000008a100000| Untracked 
| 162|0x000000008a200000, 0x000000008a200000, 0x000000008a300000|  0%| F|  |TAMS 0x000000008a200000, 0x000000008a200000| Untracked 
| 163|0x000000008a300000, 0x000000008a300000, 0x000000008a400000|  0%| F|  |TAMS 0x000000008a300000, 0x000000008a300000| Untracked 
| 164|0x000000008a400000, 0x000000008a400000, 0x000000008a500000|  0%| F|  |TAMS 0x000000008a400000, 0x000000008a400000| Untracked 
| 165|0x000000008a500000, 0x000000008a500000, 0x000000008a600000|  0%| F|  |TAMS 0x000000008a500000, 0x000000008a500000| Untracked 
| 166|0x000000008a600000, 0x000000008a600000, 0x000000008a700000|  0%| F|  |TAMS 0x000000008a600000, 0x000000008a600000| Untracked 
| 167|0x000000008a700000, 0x000000008a700000, 0x000000008a800000|  0%| F|  |TAMS 0x000000008a700000, 0x000000008a700000| Untracked 
| 168|0x000000008a800000, 0x000000008a800000, 0x000000008a900000|  0%| F|  |TAMS 0x000000008a800000, 0x000000008a800000| Untracked 
| 169|0x000000008a900000, 0x000000008a900000, 0x000000008aa00000|  0%| F|  |TAMS 0x000000008a900000, 0x000000008a900000| Untracked 
| 170|0x000000008aa00000, 0x000000008aa00000, 0x000000008ab00000|  0%| F|  |TAMS 0x000000008aa00000, 0x000000008aa00000| Untracked 
| 171|0x000000008ab00000, 0x000000008ab00000, 0x000000008ac00000|  0%| F|  |TAMS 0x000000008ab00000, 0x000000008ab00000| Untracked 
| 172|0x000000008ac00000, 0x000000008ac00000, 0x000000008ad00000|  0%| F|  |TAMS 0x000000008ac00000, 0x000000008ac00000| Untracked 
| 173|0x000000008ad00000, 0x000000008ad00000, 0x000000008ae00000|  0%| F|  |TAMS 0x000000008ad00000, 0x000000008ad00000| Untracked 
| 174|0x000000008ae00000, 0x000000008ae00000, 0x000000008af00000|  0%| F|  |TAMS 0x000000008ae00000, 0x000000008ae00000| Untracked 
| 175|0x000000008af00000, 0x000000008af00000, 0x000000008b000000|  0%| F|  |TAMS 0x000000008af00000, 0x000000008af00000| Untracked 
| 176|0x000000008b000000, 0x000000008b000000, 0x000000008b100000|  0%| F|  |TAMS 0x000000008b000000, 0x000000008b000000| Untracked 
| 177|0x000000008b100000, 0x000000008b100000, 0x000000008b200000|  0%| F|  |TAMS 0x000000008b100000, 0x000000008b100000| Untracked 
| 178|0x000000008b200000, 0x000000008b200000, 0x000000008b300000|  0%| F|  |TAMS 0x000000008b200000, 0x000000008b200000| Untracked 
| 179|0x000000008b300000, 0x000000008b300000, 0x000000008b400000|  0%| F|  |TAMS 0x000000008b300000, 0x000000008b300000| Untracked 
| 180|0x000000008b400000, 0x000000008b400000, 0x000000008b500000|  0%| F|  |TAMS 0x000000008b400000, 0x000000008b400000| Untracked 
| 181|0x000000008b500000, 0x000000008b500000, 0x000000008b600000|  0%| F|  |TAMS 0x000000008b500000, 0x000000008b500000| Untracked 
| 182|0x000000008b600000, 0x000000008b600000, 0x000000008b700000|  0%| F|  |TAMS 0x000000008b600000, 0x000000008b600000| Untracked 
| 183|0x000000008b700000, 0x000000008b700000, 0x000000008b800000|  0%| F|  |TAMS 0x000000008b700000, 0x000000008b700000| Untracked 
| 184|0x000000008b800000, 0x000000008b800000, 0x000000008b900000|  0%| F|  |TAMS 0x000000008b800000, 0x000000008b800000| Untracked 
| 185|0x000000008b900000, 0x000000008b900000, 0x000000008ba00000|  0%| F|  |TAMS 0x000000008b900000, 0x000000008b900000| Untracked 
| 186|0x000000008ba00000, 0x000000008ba00000, 0x000000008bb00000|  0%| F|  |TAMS 0x000000008ba00000, 0x000000008ba00000| Untracked 
| 187|0x000000008bb00000, 0x000000008bb00000, 0x000000008bc00000|  0%| F|  |TAMS 0x000000008bb00000, 0x000000008bb00000| Untracked 
| 188|0x000000008bc00000, 0x000000008bc00000, 0x000000008bd00000|  0%| F|  |TAMS 0x000000008bc00000, 0x000000008bc00000| Untracked 
| 189|0x000000008bd00000, 0x000000008bd00000, 0x000000008be00000|  0%| F|  |TAMS 0x000000008bd00000, 0x000000008bd00000| Untracked 
| 190|0x000000008be00000, 0x000000008be00000, 0x000000008bf00000|  0%| F|  |TAMS 0x000000008be00000, 0x000000008be00000| Untracked 
| 191|0x000000008bf00000, 0x000000008bf00000, 0x000000008c000000|  0%| F|  |TAMS 0x000000008bf00000, 0x000000008bf00000| Untracked 
| 192|0x000000008c000000, 0x000000008c000000, 0x000000008c100000|  0%| F|  |TAMS 0x000000008c000000, 0x000000008c000000| Untracked 
| 193|0x000000008c100000, 0x000000008c100000, 0x000000008c200000|  0%| F|  |TAMS 0x000000008c100000, 0x000000008c100000| Untracked 
| 194|0x000000008c200000, 0x000000008c200000, 0x000000008c300000|  0%| F|  |TAMS 0x000000008c200000, 0x000000008c200000| Untracked 
| 195|0x000000008c300000, 0x000000008c300000, 0x000000008c400000|  0%| F|  |TAMS 0x000000008c300000, 0x000000008c300000| Untracked 
| 196|0x000000008c400000, 0x000000008c400000, 0x000000008c500000|  0%| F|  |TAMS 0x000000008c400000, 0x000000008c400000| Untracked 
| 197|0x000000008c500000, 0x000000008c500000, 0x000000008c600000|  0%| F|  |TAMS 0x000000008c500000, 0x000000008c500000| Untracked 
| 198|0x000000008c600000, 0x000000008c600000, 0x000000008c700000|  0%| F|  |TAMS 0x000000008c600000, 0x000000008c600000| Untracked 
| 199|0x000000008c700000, 0x000000008c700000, 0x000000008c800000|  0%| F|  |TAMS 0x000000008c700000, 0x000000008c700000| Untracked 
| 200|0x000000008c800000, 0x000000008c800000, 0x000000008c900000|  0%| F|  |TAMS 0x000000008c800000, 0x000000008c800000| Untracked 
| 201|0x000000008c900000, 0x000000008c900000, 0x000000008ca00000|  0%| F|  |TAMS 0x000000008c900000, 0x000000008c900000| Untracked 
| 202|0x000000008ca00000, 0x000000008ca00000, 0x000000008cb00000|  0%| F|  |TAMS 0x000000008ca00000, 0x000000008ca00000| Untracked 
| 203|0x000000008cb00000, 0x000000008cb00000, 0x000000008cc00000|  0%| F|  |TAMS 0x000000008cb00000, 0x000000008cb00000| Untracked 
| 204|0x000000008cc00000, 0x000000008cc00000, 0x000000008cd00000|  0%| F|  |TAMS 0x000000008cc00000, 0x000000008cc00000| Untracked 
| 205|0x000000008cd00000, 0x000000008cd00000, 0x000000008ce00000|  0%| F|  |TAMS 0x000000008cd00000, 0x000000008cd00000| Untracked 
| 206|0x000000008ce00000, 0x000000008ce00000, 0x000000008cf00000|  0%| F|  |TAMS 0x000000008ce00000, 0x000000008ce00000| Untracked 
| 207|0x000000008cf00000, 0x000000008cf00000, 0x000000008d000000|  0%| F|  |TAMS 0x000000008cf00000, 0x000000008cf00000| Untracked 
| 208|0x000000008d000000, 0x000000008d000000, 0x000000008d100000|  0%| F|  |TAMS 0x000000008d000000, 0x000000008d000000| Untracked 
| 209|0x000000008d100000, 0x000000008d100000, 0x000000008d200000|  0%| F|  |TAMS 0x000000008d100000, 0x000000008d100000| Untracked 
| 210|0x000000008d200000, 0x000000008d200000, 0x000000008d300000|  0%| F|  |TAMS 0x000000008d200000, 0x000000008d200000| Untracked 
| 211|0x000000008d300000, 0x000000008d300000, 0x000000008d400000|  0%| F|  |TAMS 0x000000008d300000, 0x000000008d300000| Untracked 
| 212|0x000000008d400000, 0x000000008d400000, 0x000000008d500000|  0%| F|  |TAMS 0x000000008d400000, 0x000000008d400000| Untracked 
| 213|0x000000008d500000, 0x000000008d500000, 0x000000008d600000|  0%| F|  |TAMS 0x000000008d500000, 0x000000008d500000| Untracked 
| 214|0x000000008d600000, 0x000000008d600000, 0x000000008d700000|  0%| F|  |TAMS 0x000000008d600000, 0x000000008d600000| Untracked 
| 215|0x000000008d700000, 0x000000008d700000, 0x000000008d800000|  0%| F|  |TAMS 0x000000008d700000, 0x000000008d700000| Untracked 
| 216|0x000000008d800000, 0x000000008d800000, 0x000000008d900000|  0%| F|  |TAMS 0x000000008d800000, 0x000000008d800000| Untracked 
| 217|0x000000008d900000, 0x000000008d900000, 0x000000008da00000|  0%| F|  |TAMS 0x000000008d900000, 0x000000008d900000| Untracked 
| 218|0x000000008da00000, 0x000000008da00000, 0x000000008db00000|  0%| F|  |TAMS 0x000000008da00000, 0x000000008da00000| Untracked 
| 219|0x000000008db00000, 0x000000008db00000, 0x000000008dc00000|  0%| F|  |TAMS 0x000000008db00000, 0x000000008db00000| Untracked 
| 220|0x000000008dc00000, 0x000000008dc00000, 0x000000008dd00000|  0%| F|  |TAMS 0x000000008dc00000, 0x000000008dc00000| Untracked 
| 221|0x000000008dd00000, 0x000000008dd00000, 0x000000008de00000|  0%| F|  |TAMS 0x000000008dd00000, 0x000000008dd00000| Untracked 
| 222|0x000000008de00000, 0x000000008de00000, 0x000000008df00000|  0%| F|  |TAMS 0x000000008de00000, 0x000000008de00000| Untracked 
| 223|0x000000008df00000, 0x000000008df00000, 0x000000008e000000|  0%| F|  |TAMS 0x000000008df00000, 0x000000008df00000| Untracked 
| 224|0x000000008e000000, 0x000000008e000000, 0x000000008e100000|  0%| F|  |TAMS 0x000000008e000000, 0x000000008e000000| Untracked 
| 225|0x000000008e100000, 0x000000008e100000, 0x000000008e200000|  0%| F|  |TAMS 0x000000008e100000, 0x000000008e100000| Untracked 
| 226|0x000000008e200000, 0x000000008e200000, 0x000000008e300000|  0%| F|  |TAMS 0x000000008e200000, 0x000000008e200000| Untracked 
| 227|0x000000008e300000, 0x000000008e300000, 0x000000008e400000|  0%| F|  |TAMS 0x000000008e300000, 0x000000008e300000| Untracked 
| 228|0x000000008e400000, 0x000000008e400000, 0x000000008e500000|  0%| F|  |TAMS 0x000000008e400000, 0x000000008e400000| Untracked 
| 229|0x000000008e500000, 0x000000008e500000, 0x000000008e600000|  0%| F|  |TAMS 0x000000008e500000, 0x000000008e500000| Untracked 
| 230|0x000000008e600000, 0x000000008e600000, 0x000000008e700000|  0%| F|  |TAMS 0x000000008e600000, 0x000000008e600000| Untracked 
| 231|0x000000008e700000, 0x000000008e700000, 0x000000008e800000|  0%| F|  |TAMS 0x000000008e700000, 0x000000008e700000| Untracked 
| 232|0x000000008e800000, 0x000000008e800000, 0x000000008e900000|  0%| F|  |TAMS 0x000000008e800000, 0x000000008e800000| Untracked 
| 233|0x000000008e900000, 0x000000008e900000, 0x000000008ea00000|  0%| F|  |TAMS 0x000000008e900000, 0x000000008e900000| Untracked 
| 234|0x000000008ea00000, 0x000000008ea00000, 0x000000008eb00000|  0%| F|  |TAMS 0x000000008ea00000, 0x000000008ea00000| Untracked 
| 235|0x000000008eb00000, 0x000000008eb00000, 0x000000008ec00000|  0%| F|  |TAMS 0x000000008eb00000, 0x000000008eb00000| Untracked 
| 236|0x000000008ec00000, 0x000000008ec00000, 0x000000008ed00000|  0%| F|  |TAMS 0x000000008ec00000, 0x000000008ec00000| Untracked 
| 237|0x000000008ed00000, 0x000000008ed00000, 0x000000008ee00000|  0%| F|  |TAMS 0x000000008ed00000, 0x000000008ed00000| Untracked 
| 238|0x000000008ee00000, 0x000000008ee00000, 0x000000008ef00000|  0%| F|  |TAMS 0x000000008ee00000, 0x000000008ee00000| Untracked 
| 239|0x000000008ef00000, 0x000000008ef00000, 0x000000008f000000|  0%| F|  |TAMS 0x000000008ef00000, 0x000000008ef00000| Untracked 
| 240|0x000000008f000000, 0x000000008f000000, 0x000000008f100000|  0%| F|  |TAMS 0x000000008f000000, 0x000000008f000000| Untracked 
| 241|0x000000008f100000, 0x000000008f100000, 0x000000008f200000|  0%| F|  |TAMS 0x000000008f100000, 0x000000008f100000| Untracked 
| 242|0x000000008f200000, 0x000000008f200000, 0x000000008f300000|  0%| F|  |TAMS 0x000000008f200000, 0x000000008f200000| Untracked 
| 243|0x000000008f300000, 0x000000008f300000, 0x000000008f400000|  0%| F|  |TAMS 0x000000008f300000, 0x000000008f300000| Untracked 
| 244|0x000000008f400000, 0x000000008f400000, 0x000000008f500000|  0%| F|  |TAMS 0x000000008f400000, 0x000000008f400000| Untracked 
| 245|0x000000008f500000, 0x000000008f500000, 0x000000008f600000|  0%| F|  |TAMS 0x000000008f500000, 0x000000008f500000| Untracked 
| 246|0x000000008f600000, 0x000000008f600000, 0x000000008f700000|  0%| F|  |TAMS 0x000000008f600000, 0x000000008f600000| Untracked 
| 247|0x000000008f700000, 0x000000008f700000, 0x000000008f800000|  0%| F|  |TAMS 0x000000008f700000, 0x000000008f700000| Untracked 
| 248|0x000000008f800000, 0x000000008f800000, 0x000000008f900000|  0%| F|  |TAMS 0x000000008f800000, 0x000000008f800000| Untracked 
| 249|0x000000008f900000, 0x000000008f900000, 0x000000008fa00000|  0%| F|  |TAMS 0x000000008f900000, 0x000000008f900000| Untracked 
| 250|0x000000008fa00000, 0x000000008fa00000, 0x000000008fb00000|  0%| F|  |TAMS 0x000000008fa00000, 0x000000008fa00000| Untracked 
| 251|0x000000008fb00000, 0x000000008fb00000, 0x000000008fc00000|  0%| F|  |TAMS 0x000000008fb00000, 0x000000008fb00000| Untracked 
| 252|0x000000008fc00000, 0x000000008fc00000, 0x000000008fd00000|  0%| F|  |TAMS 0x000000008fc00000, 0x000000008fc00000| Untracked 
| 253|0x000000008fd00000, 0x000000008fd00000, 0x000000008fe00000|  0%| F|  |TAMS 0x000000008fd00000, 0x000000008fd00000| Untracked 
| 254|0x000000008fe00000, 0x000000008fe00000, 0x000000008ff00000|  0%| F|  |TAMS 0x000000008fe00000, 0x000000008fe00000| Untracked 
| 255|0x000000008ff00000, 0x000000008ff00000, 0x0000000090000000|  0%| F|  |TAMS 0x000000008ff00000, 0x000000008ff00000| Untracked 
| 256|0x0000000090000000, 0x0000000090000000, 0x0000000090100000|  0%| F|  |TAMS 0x0000000090000000, 0x0000000090000000| Untracked 
| 257|0x0000000090100000, 0x0000000090100000, 0x0000000090200000|  0%| F|  |TAMS 0x0000000090100000, 0x0000000090100000| Untracked 
| 258|0x0000000090200000, 0x0000000090200000, 0x0000000090300000|  0%| F|  |TAMS 0x0000000090200000, 0x0000000090200000| Untracked 
| 259|0x0000000090300000, 0x0000000090300000, 0x0000000090400000|  0%| F|  |TAMS 0x0000000090300000, 0x0000000090300000| Untracked 
| 260|0x0000000090400000, 0x0000000090400000, 0x0000000090500000|  0%| F|  |TAMS 0x0000000090400000, 0x0000000090400000| Untracked 
| 261|0x0000000090500000, 0x0000000090500000, 0x0000000090600000|  0%| F|  |TAMS 0x0000000090500000, 0x0000000090500000| Untracked 
| 262|0x0000000090600000, 0x0000000090600000, 0x0000000090700000|  0%| F|  |TAMS 0x0000000090600000, 0x0000000090600000| Untracked 
| 263|0x0000000090700000, 0x0000000090700000, 0x0000000090800000|  0%| F|  |TAMS 0x0000000090700000, 0x0000000090700000| Untracked 
| 264|0x0000000090800000, 0x0000000090800000, 0x0000000090900000|  0%| F|  |TAMS 0x0000000090800000, 0x0000000090800000| Untracked 
| 265|0x0000000090900000, 0x0000000090900000, 0x0000000090a00000|  0%| F|  |TAMS 0x0000000090900000, 0x0000000090900000| Untracked 
| 266|0x0000000090a00000, 0x0000000090a00000, 0x0000000090b00000|  0%| F|  |TAMS 0x0000000090a00000, 0x0000000090a00000| Untracked 
| 267|0x0000000090b00000, 0x0000000090b00000, 0x0000000090c00000|  0%| F|  |TAMS 0x0000000090b00000, 0x0000000090b00000| Untracked 
| 268|0x0000000090c00000, 0x0000000090c00000, 0x0000000090d00000|  0%| F|  |TAMS 0x0000000090c00000, 0x0000000090c00000| Untracked 
| 269|0x0000000090d00000, 0x0000000090d00000, 0x0000000090e00000|  0%| F|  |TAMS 0x0000000090d00000, 0x0000000090d00000| Untracked 
| 270|0x0000000090e00000, 0x0000000090e00000, 0x0000000090f00000|  0%| F|  |TAMS 0x0000000090e00000, 0x0000000090e00000| Untracked 
| 271|0x0000000090f00000, 0x0000000090f00000, 0x0000000091000000|  0%| F|  |TAMS 0x0000000090f00000, 0x0000000090f00000| Untracked 
| 272|0x0000000091000000, 0x0000000091000000, 0x0000000091100000|  0%| F|  |TAMS 0x0000000091000000, 0x0000000091000000| Untracked 
| 273|0x0000000091100000, 0x0000000091100000, 0x0000000091200000|  0%| F|  |TAMS 0x0000000091100000, 0x0000000091100000| Untracked 
| 274|0x0000000091200000, 0x0000000091200000, 0x0000000091300000|  0%| F|  |TAMS 0x0000000091200000, 0x0000000091200000| Untracked 
| 275|0x0000000091300000, 0x0000000091300000, 0x0000000091400000|  0%| F|  |TAMS 0x0000000091300000, 0x0000000091300000| Untracked 
| 276|0x0000000091400000, 0x0000000091400000, 0x0000000091500000|  0%| F|  |TAMS 0x0000000091400000, 0x0000000091400000| Untracked 
| 277|0x0000000091500000, 0x0000000091500000, 0x0000000091600000|  0%| F|  |TAMS 0x0000000091500000, 0x0000000091500000| Untracked 
| 278|0x0000000091600000, 0x0000000091600000, 0x0000000091700000|  0%| F|  |TAMS 0x0000000091600000, 0x0000000091600000| Untracked 
| 279|0x0000000091700000, 0x0000000091700000, 0x0000000091800000|  0%| F|  |TAMS 0x0000000091700000, 0x0000000091700000| Untracked 
| 280|0x0000000091800000, 0x0000000091800000, 0x0000000091900000|  0%| F|  |TAMS 0x0000000091800000, 0x0000000091800000| Untracked 
| 281|0x0000000091900000, 0x0000000091900000, 0x0000000091a00000|  0%| F|  |TAMS 0x0000000091900000, 0x0000000091900000| Untracked 
| 282|0x0000000091a00000, 0x0000000091a00000, 0x0000000091b00000|  0%| F|  |TAMS 0x0000000091a00000, 0x0000000091a00000| Untracked 
| 283|0x0000000091b00000, 0x0000000091b00000, 0x0000000091c00000|  0%| F|  |TAMS 0x0000000091b00000, 0x0000000091b00000| Untracked 
| 284|0x0000000091c00000, 0x0000000091c00000, 0x0000000091d00000|  0%| F|  |TAMS 0x0000000091c00000, 0x0000000091c00000| Untracked 
| 285|0x0000000091d00000, 0x0000000091d00000, 0x0000000091e00000|  0%| F|  |TAMS 0x0000000091d00000, 0x0000000091d00000| Untracked 
| 286|0x0000000091e00000, 0x0000000091e00000, 0x0000000091f00000|  0%| F|  |TAMS 0x0000000091e00000, 0x0000000091e00000| Untracked 
| 287|0x0000000091f00000, 0x0000000091f00000, 0x0000000092000000|  0%| F|  |TAMS 0x0000000091f00000, 0x0000000091f00000| Untracked 
| 288|0x0000000092000000, 0x0000000092000000, 0x0000000092100000|  0%| F|  |TAMS 0x0000000092000000, 0x0000000092000000| Untracked 
| 289|0x0000000092100000, 0x0000000092100000, 0x0000000092200000|  0%| F|  |TAMS 0x0000000092100000, 0x0000000092100000| Untracked 
| 290|0x0000000092200000, 0x0000000092200000, 0x0000000092300000|  0%| F|  |TAMS 0x0000000092200000, 0x0000000092200000| Untracked 
| 291|0x0000000092300000, 0x0000000092300000, 0x0000000092400000|  0%| F|  |TAMS 0x0000000092300000, 0x0000000092300000| Untracked 
| 292|0x0000000092400000, 0x0000000092400000, 0x0000000092500000|  0%| F|  |TAMS 0x0000000092400000, 0x0000000092400000| Untracked 
| 293|0x0000000092500000, 0x0000000092500000, 0x0000000092600000|  0%| F|  |TAMS 0x0000000092500000, 0x0000000092500000| Untracked 
| 294|0x0000000092600000, 0x0000000092600000, 0x0000000092700000|  0%| F|  |TAMS 0x0000000092600000, 0x0000000092600000| Untracked 
| 295|0x0000000092700000, 0x0000000092700000, 0x0000000092800000|  0%| F|  |TAMS 0x0000000092700000, 0x0000000092700000| Untracked 
| 296|0x0000000092800000, 0x0000000092800000, 0x0000000092900000|  0%| F|  |TAMS 0x0000000092800000, 0x0000000092800000| Untracked 
| 297|0x0000000092900000, 0x0000000092900000, 0x0000000092a00000|  0%| F|  |TAMS 0x0000000092900000, 0x0000000092900000| Untracked 
| 298|0x0000000092a00000, 0x0000000092a00000, 0x0000000092b00000|  0%| F|  |TAMS 0x0000000092a00000, 0x0000000092a00000| Untracked 
| 299|0x0000000092b00000, 0x0000000092b00000, 0x0000000092c00000|  0%| F|  |TAMS 0x0000000092b00000, 0x0000000092b00000| Untracked 
| 300|0x0000000092c00000, 0x0000000092c00000, 0x0000000092d00000|  0%| F|  |TAMS 0x0000000092c00000, 0x0000000092c00000| Untracked 
| 301|0x0000000092d00000, 0x0000000092d00000, 0x0000000092e00000|  0%| F|  |TAMS 0x0000000092d00000, 0x0000000092d00000| Untracked 
| 302|0x0000000092e00000, 0x0000000092e00000, 0x0000000092f00000|  0%| F|  |TAMS 0x0000000092e00000, 0x0000000092e00000| Untracked 
| 303|0x0000000092f00000, 0x0000000092f00000, 0x0000000093000000|  0%| F|  |TAMS 0x0000000092f00000, 0x0000000092f00000| Untracked 
| 304|0x0000000093000000, 0x0000000093000000, 0x0000000093100000|  0%| F|  |TAMS 0x0000000093000000, 0x0000000093000000| Untracked 
| 305|0x0000000093100000, 0x0000000093100000, 0x0000000093200000|  0%| F|  |TAMS 0x0000000093100000, 0x0000000093100000| Untracked 
| 306|0x0000000093200000, 0x0000000093200000, 0x0000000093300000|  0%| F|  |TAMS 0x0000000093200000, 0x0000000093200000| Untracked 
| 307|0x0000000093300000, 0x0000000093300000, 0x0000000093400000|  0%| F|  |TAMS 0x0000000093300000, 0x0000000093300000| Untracked 
| 308|0x0000000093400000, 0x0000000093400000, 0x0000000093500000|  0%| F|  |TAMS 0x0000000093400000, 0x0000000093400000| Untracked 
| 309|0x0000000093500000, 0x0000000093500000, 0x0000000093600000|  0%| F|  |TAMS 0x0000000093500000, 0x0000000093500000| Untracked 
| 310|0x0000000093600000, 0x0000000093600000, 0x0000000093700000|  0%| F|  |TAMS 0x0000000093600000, 0x0000000093600000| Untracked 
| 311|0x0000000093700000, 0x0000000093700000, 0x0000000093800000|  0%| F|  |TAMS 0x0000000093700000, 0x0000000093700000| Untracked 
| 312|0x0000000093800000, 0x0000000093800000, 0x0000000093900000|  0%| F|  |TAMS 0x0000000093800000, 0x0000000093800000| Untracked 
| 313|0x0000000093900000, 0x0000000093900000, 0x0000000093a00000|  0%| F|  |TAMS 0x0000000093900000, 0x0000000093900000| Untracked 
| 314|0x0000000093a00000, 0x0000000093a00000, 0x0000000093b00000|  0%| F|  |TAMS 0x0000000093a00000, 0x0000000093a00000| Untracked 
| 315|0x0000000093b00000, 0x0000000093b00000, 0x0000000093c00000|  0%| F|  |TAMS 0x0000000093b00000, 0x0000000093b00000| Untracked 
| 316|0x0000000093c00000, 0x0000000093c00000, 0x0000000093d00000|  0%| F|  |TAMS 0x0000000093c00000, 0x0000000093c00000| Untracked 
| 317|0x0000000093d00000, 0x0000000093d00000, 0x0000000093e00000|  0%| F|  |TAMS 0x0000000093d00000, 0x0000000093d00000| Untracked 
| 318|0x0000000093e00000, 0x0000000093e00000, 0x0000000093f00000|  0%| F|  |TAMS 0x0000000093e00000, 0x0000000093e00000| Untracked 
| 319|0x0000000093f00000, 0x0000000093f00000, 0x0000000094000000|  0%| F|  |TAMS 0x0000000093f00000, 0x0000000093f00000| Untracked 
| 320|0x0000000094000000, 0x0000000094000000, 0x0000000094100000|  0%| F|  |TAMS 0x0000000094000000, 0x0000000094000000| Untracked 
| 321|0x0000000094100000, 0x0000000094100000, 0x0000000094200000|  0%| F|  |TAMS 0x0000000094100000, 0x0000000094100000| Untracked 
| 322|0x0000000094200000, 0x0000000094200000, 0x0000000094300000|  0%| F|  |TAMS 0x0000000094200000, 0x0000000094200000| Untracked 
| 323|0x0000000094300000, 0x0000000094300000, 0x0000000094400000|  0%| F|  |TAMS 0x0000000094300000, 0x0000000094300000| Untracked 
| 324|0x0000000094400000, 0x0000000094400000, 0x0000000094500000|  0%| F|  |TAMS 0x0000000094400000, 0x0000000094400000| Untracked 
| 325|0x0000000094500000, 0x0000000094563830, 0x0000000094600000| 38%| S|CS|TAMS 0x0000000094500000, 0x0000000094500000| Complete 
| 326|0x0000000094600000, 0x0000000094700000, 0x0000000094700000|100%| S|CS|TAMS 0x0000000094600000, 0x0000000094600000| Complete 
| 327|0x0000000094700000, 0x0000000094700000, 0x0000000094800000|  0%| F|  |TAMS 0x0000000094700000, 0x0000000094700000| Untracked 
| 328|0x0000000094800000, 0x0000000094800000, 0x0000000094900000|  0%| F|  |TAMS 0x0000000094800000, 0x0000000094800000| Untracked 
| 329|0x0000000094900000, 0x0000000094900000, 0x0000000094a00000|  0%| F|  |TAMS 0x0000000094900000, 0x0000000094900000| Untracked 
| 330|0x0000000094a00000, 0x0000000094a00000, 0x0000000094b00000|  0%| F|  |TAMS 0x0000000094a00000, 0x0000000094a00000| Untracked 
| 331|0x0000000094b00000, 0x0000000094b00000, 0x0000000094c00000|  0%| F|  |TAMS 0x0000000094b00000, 0x0000000094b00000| Untracked 
| 332|0x0000000094c00000, 0x0000000094c00000, 0x0000000094d00000|  0%| F|  |TAMS 0x0000000094c00000, 0x0000000094c00000| Untracked 
| 333|0x0000000094d00000, 0x0000000094d00000, 0x0000000094e00000|  0%| F|  |TAMS 0x0000000094d00000, 0x0000000094d00000| Untracked 

Card table byte_map: [0x000001b656930000,0x000001b656d30000] _byte_map_base: 0x000001b656530000

Marking Bits (Prev, Next): (CMBitMap*) 0x000001b64340c6d0, (CMBitMap*) 0x000001b64340c698
 Prev Bits: [0x000001b659130000, 0x000001b65b130000)
 Next Bits: [0x000001b657130000, 0x000001b659130000)

Polling page: 0x000001b6434b0000

Metaspace:

Usage:
  Non-class:     99.91 MB capacity,    98.05 MB ( 98%) used,     1.48 MB (  1%) free+waste,   390.88 KB ( <1%) overhead. 
      Class:     15.22 MB capacity,    14.05 MB ( 92%) used,     1.00 MB (  7%) free+waste,   173.88 KB (  1%) overhead. 
       Both:    115.13 MB capacity,   112.09 MB ( 97%) used,     2.48 MB (  2%) free+waste,   564.75 KB ( <1%) overhead. 

Virtual space:
  Non-class space:      100.00 MB reserved,     100.00 MB (100%) committed 
      Class space:        1.00 GB reserved,      15.25 MB (  1%) committed 
             Both:        1.10 GB reserved,     115.25 MB ( 10%) committed 

Chunk freelists:
   Non-Class:  29.00 KB
       Class:  0 bytes
        Both:  29.00 KB

MaxMetaspaceSize: 17179869184.00 GB
CompressedClassSpaceSize: 1.00 GB
Initial GC threshold: 20.80 MB
Current GC threshold: 157.50 MB
CDS: off

CodeHeap 'non-profiled nmethods': size=120064Kb used=11251Kb max_used=11251Kb free=108812Kb
 bounds [0x000001b64e9c0000, 0x000001b64f4c0000, 0x000001b655f00000]
CodeHeap 'profiled nmethods': size=120000Kb used=44332Kb max_used=44332Kb free=75667Kb
 bounds [0x000001b647490000, 0x000001b649fe0000, 0x000001b64e9c0000]
CodeHeap 'non-nmethods': size=5696Kb used=2432Kb max_used=2500Kb free=3263Kb
 bounds [0x000001b646f00000, 0x000001b647190000, 0x000001b647490000]
 total_blobs=19785 nmethods=18833 adapters=862
 compilation: enabled
              stopped_count=0, restarted_count=0
 full_count=0

Compilation events (20 events):
Event: 204.169 Thread 0x000001b65d7b9800 20139 %     3       com.android.tools.r8.internal.LO::a @ 72 (263 bytes)
Event: 204.170 Thread 0x000001b65d7b9800 nmethod 20139% 0x000001b649fd4590 code [0x000001b649fd4800, 0x000001b649fd51e8]
Event: 204.174 Thread 0x000001b65d7b9800 20140       2       com.android.tools.r8.internal.h6::a (30 bytes)
Event: 204.175 Thread 0x000001b65d7b9800 nmethod 20140 0x000001b649fd5690 code [0x000001b649fd58a0, 0x000001b649fd5da8]
Event: 204.176 Thread 0x000001b65d7b9800 20141       2       com.android.tools.r8.internal.h6::a (61 bytes)
Event: 204.176 Thread 0x000001b65d7b9800 nmethod 20141 0x000001b649fd6090 code [0x000001b649fd62a0, 0x000001b649fd6688]
Event: 204.177 Thread 0x000001b65d7b9800 20142       2       com.android.tools.r8.internal.Ql::a (37 bytes)
Event: 204.177 Thread 0x000001b65d7b9800 nmethod 20142 0x000001b649fd6990 code [0x000001b649fd6b80, 0x000001b649fd6dc8]
Event: 204.177 Thread 0x000001b65d7b9800 20143       2       com.android.tools.r8.internal.T2::s (2 bytes)
Event: 204.177 Thread 0x000001b65d7b9800 nmethod 20143 0x000001b649fd6f90 code [0x000001b649fd7140, 0x000001b649fd7238]
Event: 204.178 Thread 0x000001b65d7b9800 20144       2       com.android.tools.r8.internal.T2::a (49 bytes)
Event: 204.179 Thread 0x000001b65d7b9800 nmethod 20144 0x000001b649fd7310 code [0x000001b649fd7520, 0x000001b649fd7888]
Event: 204.179 Thread 0x000001b65d7b9800 20145       2       com.android.tools.r8.code.E::<init> (7 bytes)
Event: 204.179 Thread 0x000001b65d7b9800 nmethod 20145 0x000001b649fd7c10 code [0x000001b649fd7dc0, 0x000001b649fd7ec8]
Event: 204.218 Thread 0x000001b65d7b9800 20146       3       com.android.tools.r8.internal.LO::a (263 bytes)
Event: 204.219 Thread 0x000001b65d7b9800 nmethod 20146 0x000001b649fd7f90 code [0x000001b649fd8200, 0x000001b649fd8ae8]
Event: 204.244 Thread 0x000001b65d7b9800 20148 %     3       com.android.tools.r8.internal.Ol::a @ 15 (52 bytes)
Event: 204.246 Thread 0x000001b65d7b9800 nmethod 20148% 0x000001b649fd8e90 code [0x000001b649fd9180, 0x000001b649fda538]
Event: 204.250 Thread 0x000001b65d7b9800 20150       2       java.util.Arrays::sort (47 bytes)
Event: 204.250 Thread 0x000001b65d7b9800 nmethod 20150 0x000001b649fdac10 code [0x000001b649fdae00, 0x000001b649fdb018]

GC Heap History (20 events):
Event: 198.285 GC heap after
{Heap after GC invocations=107 (full 0):
 garbage-first heap   total 236544K, used 130230K [0x0000000080000000, 0x0000000100000000)
  region size 1024K, 4 young (4096K), 4 survivors (4096K)
 Metaspace       used 114377K, capacity 117447K, committed 117760K, reserved 1150976K
  class space    used 14369K, capacity 15558K, committed 15616K, reserved 1048576K
}
Event: 198.665 GC heap before
{Heap before GC invocations=107 (full 0):
 garbage-first heap   total 236544K, used 198838K [0x0000000080000000, 0x0000000100000000)
  region size 1024K, 71 young (72704K), 4 survivors (4096K)
 Metaspace       used 114415K, capacity 117532K, committed 117760K, reserved 1150976K
  class space    used 14372K, capacity 15565K, committed 15616K, reserved 1048576K
}
Event: 198.678 GC heap after
{Heap after GC invocations=108 (full 0):
 garbage-first heap   total 236544K, used 130143K [0x0000000080000000, 0x0000000100000000)
  region size 1024K, 4 young (4096K), 4 survivors (4096K)
 Metaspace       used 114415K, capacity 117532K, committed 117760K, reserved 1150976K
  class space    used 14372K, capacity 15565K, committed 15616K, reserved 1048576K
}
Event: 199.069 GC heap before
{Heap before GC invocations=108 (full 0):
 garbage-first heap   total 236544K, used 199775K [0x0000000080000000, 0x0000000100000000)
  region size 1024K, 72 young (73728K), 4 survivors (4096K)
 Metaspace       used 114436K, capacity 117532K, committed 117760K, reserved 1150976K
  class space    used 14373K, capacity 15565K, committed 15616K, reserved 1048576K
}
Event: 199.088 GC heap after
{Heap after GC invocations=109 (full 0):
 garbage-first heap   total 284672K, used 130450K [0x0000000080000000, 0x0000000100000000)
  region size 1024K, 4 young (4096K), 4 survivors (4096K)
 Metaspace       used 114436K, capacity 117532K, committed 117760K, reserved 1150976K
  class space    used 14373K, capacity 15565K, committed 15616K, reserved 1048576K
}
Event: 199.630 GC heap before
{Heap before GC invocations=109 (full 0):
 garbage-first heap   total 284672K, used 225682K [0x0000000080000000, 0x0000000100000000)
  region size 1024K, 97 young (99328K), 4 survivors (4096K)
 Metaspace       used 114462K, capacity 117532K, committed 117760K, reserved 1150976K
  class space    used 14373K, capacity 15565K, committed 15616K, reserved 1048576K
}
Event: 199.642 GC heap after
{Heap after GC invocations=110 (full 0):
 garbage-first heap   total 284672K, used 131014K [0x0000000080000000, 0x0000000100000000)
  region size 1024K, 5 young (5120K), 5 survivors (5120K)
 Metaspace       used 114462K, capacity 117532K, committed 117760K, reserved 1150976K
  class space    used 14373K, capacity 15565K, committed 15616K, reserved 1048576K
}
Event: 200.125 GC heap before
{Heap before GC invocations=110 (full 0):
 garbage-first heap   total 284672K, used 228294K [0x0000000080000000, 0x0000000100000000)
  region size 1024K, 100 young (102400K), 5 survivors (5120K)
 Metaspace       used 114470K, capacity 117533K, committed 117760K, reserved 1150976K
  class space    used 14373K, capacity 15565K, committed 15616K, reserved 1048576K
}
Event: 200.143 GC heap after
{Heap after GC invocations=111 (full 0):
 garbage-first heap   total 284672K, used 131437K [0x0000000080000000, 0x0000000100000000)
  region size 1024K, 5 young (5120K), 5 survivors (5120K)
 Metaspace       used 114470K, capacity 117533K, committed 117760K, reserved 1150976K
  class space    used 14373K, capacity 15565K, committed 15616K, reserved 1048576K
}
Event: 200.688 GC heap before
{Heap before GC invocations=111 (full 0):
 garbage-first heap   total 284672K, used 231789K [0x0000000080000000, 0x0000000100000000)
  region size 1024K, 103 young (105472K), 5 survivors (5120K)
 Metaspace       used 114483K, capacity 117598K, committed 117760K, reserved 1150976K
  class space    used 14373K, capacity 15565K, committed 15616K, reserved 1048576K
}
Event: 200.703 GC heap after
{Heap after GC invocations=112 (full 0):
 garbage-first heap   total 284672K, used 131906K [0x0000000080000000, 0x0000000100000000)
  region size 1024K, 6 young (6144K), 6 survivors (6144K)
 Metaspace       used 114483K, capacity 117598K, committed 117760K, reserved 1150976K
  class space    used 14373K, capacity 15565K, committed 15616K, reserved 1048576K
}
Event: 201.248 GC heap before
{Heap before GC invocations=112 (full 0):
 garbage-first heap   total 284672K, used 234306K [0x0000000080000000, 0x0000000100000000)
  region size 1024K, 106 young (108544K), 6 survivors (6144K)
 Metaspace       used 114502K, capacity 117601K, committed 117760K, reserved 1150976K
  class space    used 14374K, capacity 15566K, committed 15616K, reserved 1048576K
}
Event: 201.269 GC heap after
{Heap after GC invocations=113 (full 0):
 garbage-first heap   total 342016K, used 132657K [0x0000000080000000, 0x0000000100000000)
  region size 1024K, 6 young (6144K), 6 survivors (6144K)
 Metaspace       used 114502K, capacity 117601K, committed 117760K, reserved 1150976K
  class space    used 14374K, capacity 15566K, committed 15616K, reserved 1048576K
}
Event: 202.072 GC heap before
{Heap before GC invocations=113 (full 0):
 garbage-first heap   total 342016K, used 269873K [0x0000000080000000, 0x0000000100000000)
  region size 1024K, 140 young (143360K), 6 survivors (6144K)
 Metaspace       used 114506K, capacity 117601K, committed 117760K, reserved 1150976K
  class space    used 14374K, capacity 15566K, committed 15616K, reserved 1048576K
}
Event: 202.171 GC heap after
{Heap after GC invocations=114 (full 0):
 garbage-first heap   total 342016K, used 133238K [0x0000000080000000, 0x0000000100000000)
  region size 1024K, 7 young (7168K), 7 survivors (7168K)
 Metaspace       used 114506K, capacity 117601K, committed 117760K, reserved 1150976K
  class space    used 14374K, capacity 15566K, committed 15616K, reserved 1048576K
}
Event: 203.144 GC heap before
{Heap before GC invocations=114 (full 0):
 garbage-first heap   total 342016K, used 277622K [0x0000000080000000, 0x0000000100000000)
  region size 1024K, 148 young (151552K), 7 survivors (7168K)
 Metaspace       used 114540K, capacity 117633K, committed 117760K, reserved 1150976K
  class space    used 14380K, capacity 15577K, committed 15616K, reserved 1048576K
}
Event: 203.163 GC heap after
{Heap after GC invocations=115 (full 0):
 garbage-first heap   total 342016K, used 133590K [0x0000000080000000, 0x0000000100000000)
  region size 1024K, 7 young (7168K), 7 survivors (7168K)
 Metaspace       used 114540K, capacity 117633K, committed 117760K, reserved 1150976K
  class space    used 14380K, capacity 15577K, committed 15616K, reserved 1048576K
}
Event: 204.192 GC heap before
{Heap before GC invocations=115 (full 0):
 garbage-first heap   total 342016K, used 291286K [0x0000000080000000, 0x0000000100000000)
  region size 1024K, 161 young (164864K), 7 survivors (7168K)
 Metaspace       used 114784K, capacity 117890K, committed 118016K, reserved 1150976K
  class space    used 14383K, capacity 15583K, committed 15616K, reserved 1048576K
}
Event: 204.218 GC heap after
{Heap after GC invocations=116 (full 0):
 garbage-first heap   total 342016K, used 135749K [0x0000000080000000, 0x0000000100000000)
  region size 1024K, 9 young (9216K), 9 survivors (9216K)
 Metaspace       used 114784K, capacity 117890K, committed 118016K, reserved 1150976K
  class space    used 14383K, capacity 15583K, committed 15616K, reserved 1048576K
}
Event: 204.258 GC heap before
{Heap before GC invocations=116 (full 0):
 garbage-first heap   total 342016K, used 141893K [0x0000000080000000, 0x0000000100000000)
  region size 1024K, 16 young (16384K), 9 survivors (9216K)
 Metaspace       used 114784K, capacity 117890K, committed 118016K, reserved 1150976K
  class space    used 14383K, capacity 15583K, committed 15616K, reserved 1048576K
}

Deoptimization events (20 events):
Event: 203.825 Thread 0x000001b660b84000 DEOPT PACKING pc=0x000001b64f389ab0 sp=0x00000060db0fa0f0
Event: 203.825 Thread 0x000001b660b84000 DEOPT UNPACKING pc=0x000001b646f4a1af sp=0x00000060db0fa0a8 mode 2
Event: 203.825 Thread 0x000001b660b84000 Uncommon trap: trap_request=0xffffffc6 fr.pc=0x000001b64f389ab0 relative=0x00000000000002d0
Event: 203.825 Thread 0x000001b660b84000 Uncommon trap: reason=bimorphic_or_optimized_type_check action=maybe_recompile pc=0x000001b64f389ab0 method=com.android.tools.r8.internal.ac.a(Ljava/util/function/Predicate;Ljava/util/function/Function;Lcom/android/tools/r8/internal/jV;Lcom/android/tools/
Event: 203.825 Thread 0x000001b660b84000 DEOPT PACKING pc=0x000001b64f389ab0 sp=0x00000060db0fa0f0
Event: 203.825 Thread 0x000001b660b84000 DEOPT UNPACKING pc=0x000001b646f4a1af sp=0x00000060db0fa0a8 mode 2
Event: 203.921 Thread 0x000001b660b84000 DEOPT PACKING pc=0x000001b64898bcb0 sp=0x00000060db0fa080
Event: 203.921 Thread 0x000001b660b84000 DEOPT UNPACKING pc=0x000001b646f4a95e sp=0x00000060db0f9508 mode 0
Event: 204.093 Thread 0x000001b660b84000 DEOPT PACKING pc=0x000001b647500bf7 sp=0x00000060db0f9cd0
Event: 204.093 Thread 0x000001b660b84000 DEOPT UNPACKING pc=0x000001b646f4a95e sp=0x00000060db0f91b8 mode 0
Event: 204.097 Thread 0x000001b6601b4000 DEOPT PACKING pc=0x000001b6474eaccb sp=0x00000060d9ef9bb0
Event: 204.097 Thread 0x000001b6601b4000 DEOPT UNPACKING pc=0x000001b646f4a95e sp=0x00000060d9ef9108 mode 0
Event: 204.105 Thread 0x000001b660b84000 DEOPT PACKING pc=0x000001b649c9b800 sp=0x00000060db0f9cc0
Event: 204.105 Thread 0x000001b660b84000 DEOPT UNPACKING pc=0x000001b646f4a95e sp=0x00000060db0f91b0 mode 0
Event: 204.218 Thread 0x000001b660b84000 DEOPT PACKING pc=0x000001b6479dd427 sp=0x00000060db0f9f50
Event: 204.218 Thread 0x000001b660b84000 DEOPT UNPACKING pc=0x000001b646f4a95e sp=0x00000060db0f9460 mode 0
Event: 204.250 Thread 0x000001b660b84000 Uncommon trap: trap_request=0xffffff4d fr.pc=0x000001b64f37e58c relative=0x000000000000278c
Event: 204.250 Thread 0x000001b660b84000 Uncommon trap: reason=unstable_if action=reinterpret pc=0x000001b64f37e58c method=java.util.TimSort.countRunAndMakeAscending([Ljava/lang/Object;IILjava/util/Comparator;)I @ 27 c2
Event: 204.250 Thread 0x000001b660b84000 DEOPT PACKING pc=0x000001b64f37e58c sp=0x00000060db0f9f50
Event: 204.250 Thread 0x000001b660b84000 DEOPT UNPACKING pc=0x000001b646f4a1af sp=0x00000060db0f9e30 mode 2

Classes redefined (0 events):
No events

Internal exceptions (20 events):
Event: 193.695 Thread 0x000001b6601b4000 Exception <a 'java/lang/NoSuchMethodError'{0x000000008b2e28f0}: 'void java.lang.invoke.DirectMethodHandle$Holder.invokeSpecial(java.lang.Object, java.lang.Object, int)'> (0x000000008b2e28f0) thrown at [./src/hotspot/share/interpreter/linkResolver.cpp, line 773]
Event: 193.800 Thread 0x000001b6601b4000 Exception <a 'sun/nio/fs/WindowsException'{0x000000008aebbd20}> (0x000000008aebbd20) thrown at [./src/hotspot/share/prims/jni.cpp, line 615]
Event: 194.140 Thread 0x000001b6601b4000 Exception <a 'sun/nio/fs/WindowsException'{0x000000008e6a1fc8}> (0x000000008e6a1fc8) thrown at [./src/hotspot/share/prims/jni.cpp, line 615]
Event: 194.156 Thread 0x000001b6601b4000 Exception <a 'sun/nio/fs/WindowsException'{0x000000008dcdfd00}> (0x000000008dcdfd00) thrown at [./src/hotspot/share/prims/jni.cpp, line 615]
Event: 194.451 Thread 0x000001b6601b4000 Exception <a 'sun/nio/fs/WindowsException'{0x000000008d0962f8}> (0x000000008d0962f8) thrown at [./src/hotspot/share/prims/jni.cpp, line 615]
Event: 194.611 Thread 0x000001b6601b4000 Exception <a 'sun/nio/fs/WindowsException'{0x000000008c4fe1c0}> (0x000000008c4fe1c0) thrown at [./src/hotspot/share/prims/jni.cpp, line 615]
Event: 194.693 Thread 0x000001b6601b4000 Exception <a 'sun/nio/fs/WindowsException'{0x000000008be69500}> (0x000000008be69500) thrown at [./src/hotspot/share/prims/jni.cpp, line 615]
Event: 194.853 Thread 0x000001b6601b4000 Exception <a 'sun/nio/fs/WindowsException'{0x000000008ab69900}> (0x000000008ab69900) thrown at [./src/hotspot/share/prims/jni.cpp, line 615]
Event: 194.972 Thread 0x000001b6601b4000 Exception <a 'sun/nio/fs/WindowsException'{0x000000008a0ca138}> (0x000000008a0ca138) thrown at [./src/hotspot/share/prims/jni.cpp, line 615]
Event: 195.221 Thread 0x000001b6601b4000 Exception <a 'sun/nio/fs/WindowsException'{0x000000008dafbea8}> (0x000000008dafbea8) thrown at [./src/hotspot/share/prims/jni.cpp, line 615]
Event: 195.537 Thread 0x000001b6601b4000 Exception <a 'sun/nio/fs/WindowsException'{0x000000008d5d7e48}> (0x000000008d5d7e48) thrown at [./src/hotspot/share/prims/jni.cpp, line 615]
Event: 195.633 Thread 0x000001b6601b4000 Exception <a 'sun/nio/fs/WindowsException'{0x000000008a9c32c8}> (0x000000008a9c32c8) thrown at [./src/hotspot/share/prims/jni.cpp, line 615]
Event: 195.782 Thread 0x000001b6601b4000 Exception <a 'sun/nio/fs/WindowsException'{0x0000000089ecdc28}> (0x0000000089ecdc28) thrown at [./src/hotspot/share/prims/jni.cpp, line 615]
Event: 195.888 Thread 0x000001b6601b4000 Exception <a 'sun/nio/fs/WindowsException'{0x000000008e313fe0}> (0x000000008e313fe0) thrown at [./src/hotspot/share/prims/jni.cpp, line 615]
Event: 196.143 Thread 0x000001b6601b4000 Exception <a 'sun/nio/fs/WindowsException'{0x000000008c6ffd88}> (0x000000008c6ffd88) thrown at [./src/hotspot/share/prims/jni.cpp, line 615]
Event: 196.355 Thread 0x000001b6601b4000 Exception <a 'sun/nio/fs/WindowsException'{0x000000008a172598}> (0x000000008a172598) thrown at [./src/hotspot/share/prims/jni.cpp, line 615]
Event: 196.562 Thread 0x000001b660b84000 Exception <a 'java/lang/NoSuchMethodError'{0x000000008e3a92a0}: 'int java.lang.invoke.DirectMethodHandle$Holder.invokeInterface(java.lang.Object, java.lang.Object, int)'> (0x000000008e3a92a0) thrown at [./src/hotspot/share/interpreter/linkResolver.cpp, line 773]
Event: 196.749 Thread 0x000001b6601b4000 Exception <a 'sun/nio/fs/WindowsException'{0x000000008be55ec8}> (0x000000008be55ec8) thrown at [./src/hotspot/share/prims/jni.cpp, line 615]
Event: 197.858 Thread 0x000001b6601b4000 Exception <a 'java/lang/NoSuchMethodError'{0x000000008a4cba80}: 'void java.lang.invoke.DirectMethodHandle$Holder.invokeSpecialIFC(java.lang.Object, java.lang.Object, java.lang.Object, java.lang.Object)'> (0x000000008a4cba80) thrown at [./src/hotspot/share/interpreter/linkResolver.cpp, line 773]
Event: 203.777 Thread 0x000001b660b84000 Implicit null exception at 0x000001b64f3269ef to 0x000001b64f326b2c

Events (20 events):
Event: 203.822 loading class com/android/tools/r8/synthesis/d done
Event: 203.823 loading class com/android/tools/r8/synthesis/d
Event: 203.823 loading class com/android/tools/r8/synthesis/d done
Event: 203.823 loading class com/android/tools/r8/graph/e1
Event: 203.823 loading class com/android/tools/r8/graph/e1 done
Event: 203.823 loading class com/android/tools/r8/graph/e1
Event: 203.823 loading class com/android/tools/r8/graph/e1 done
Event: 203.823 loading class com/android/tools/r8/graph/e1
Event: 203.823 loading class com/android/tools/r8/graph/e1 done
Event: 203.824 loading class com/android/tools/r8/internal/jV
Event: 203.824 loading class com/android/tools/r8/internal/jV done
Event: 203.877 Executing VM operation: ICBufferFull
Event: 203.877 Executing VM operation: ICBufferFull done
Event: 203.892 loading class com/android/tools/r8/internal/j0
Event: 203.892 loading class com/android/tools/r8/internal/j0 done
Event: 204.088 Executing VM operation: RevokeBias
Event: 204.089 Executing VM operation: RevokeBias done
Event: 204.191 Executing VM operation: G1CollectForAllocation
Event: 204.218 Executing VM operation: G1CollectForAllocation done
Event: 204.258 Executing VM operation: G1CollectForAllocation


Dynamic libraries:
0x00007ff6e8660000 - 0x00007ff6e866a000 	C:\Program Files\Android\Android Studio\jre\bin\java.exe
0x00007fff738f0000 - 0x00007fff73ae5000 	C:\Windows\SYSTEM32\ntdll.dll
0x00007fff734c0000 - 0x00007fff7357e000 	C:\Windows\System32\KERNEL32.DLL
0x00007fff715e0000 - 0x00007fff718a8000 	C:\Windows\System32\KERNELBASE.dll
0x00007fff710e0000 - 0x00007fff711e0000 	C:\Windows\System32\ucrtbase.dll
0x00007fff674e0000 - 0x00007fff674f7000 	C:\Program Files\Android\Android Studio\jre\bin\VCRUNTIME140.dll
0x00007fff6c780000 - 0x00007fff6c799000 	C:\Program Files\Android\Android Studio\jre\bin\jli.dll
0x00007fff71f10000 - 0x00007fff720b0000 	C:\Windows\System32\USER32.dll
0x00007fff71010000 - 0x00007fff71032000 	C:\Windows\System32\win32u.dll
0x00007fff599f0000 - 0x00007fff59c8a000 	C:\Windows\WinSxS\amd64_microsoft.windows.common-controls_6595b64144ccf1df_6.0.19041.1110_none_60b5254171f9507e\COMCTL32.dll
0x00007fff726d0000 - 0x00007fff726fa000 	C:\Windows\System32\GDI32.dll
0x00007fff72700000 - 0x00007fff7279e000 	C:\Windows\System32\msvcrt.dll
0x00007fff711e0000 - 0x00007fff712eb000 	C:\Windows\System32\gdi32full.dll
0x00007fff718b0000 - 0x00007fff7194d000 	C:\Windows\System32\msvcp_win.dll
0x00007fff73630000 - 0x00007fff73660000 	C:\Windows\System32\IMM32.DLL
0x00007fff3d010000 - 0x00007fff3d0ad000 	C:\Program Files\Android\Android Studio\jre\bin\msvcp140.dll
0x00007fff26b30000 - 0x00007fff27615000 	C:\Program Files\Android\Android Studio\jre\bin\server\jvm.dll
0x00007fff72550000 - 0x00007fff725fe000 	C:\Windows\System32\ADVAPI32.dll
0x00007fff72160000 - 0x00007fff721fc000 	C:\Windows\System32\sechost.dll
0x00007fff72420000 - 0x00007fff72545000 	C:\Windows\System32\RPCRT4.dll
0x00007fff5d4b0000 - 0x00007fff5d4d7000 	C:\Windows\SYSTEM32\WINMM.dll
0x00007fff6beb0000 - 0x00007fff6beb9000 	C:\Windows\SYSTEM32\WSOCK32.dll
0x00007fff6e800000 - 0x00007fff6e80a000 	C:\Windows\SYSTEM32\VERSION.dll
0x00007fff736f0000 - 0x00007fff736f8000 	C:\Windows\System32\PSAPI.DLL
0x00007fff723b0000 - 0x00007fff7241b000 	C:\Windows\System32\WS2_32.dll
0x00007fff6ef80000 - 0x00007fff6ef92000 	C:\Windows\SYSTEM32\kernel.appcore.dll
0x00007fff5dd20000 - 0x00007fff5dd31000 	C:\Program Files\Android\Android Studio\jre\bin\verify.dll
0x00007fff59eb0000 - 0x00007fff5a094000 	C:\Windows\SYSTEM32\DBGHELP.DLL
0x00007fff5d480000 - 0x00007fff5d4ac000 	C:\Windows\SYSTEM32\dbgcore.DLL
0x00007fff714a0000 - 0x00007fff71522000 	C:\Windows\System32\bcryptPrimitives.dll
0x00007fff50310000 - 0x00007fff50339000 	C:\Program Files\Android\Android Studio\jre\bin\java.dll
0x00007fff6b730000 - 0x00007fff6b73b000 	C:\Program Files\Android\Android Studio\jre\bin\jimage.dll
0x00007fff5a920000 - 0x00007fff5a938000 	C:\Program Files\Android\Android Studio\jre\bin\zip.dll
0x00007fff72870000 - 0x00007fff72fb4000 	C:\Windows\System32\SHELL32.dll
0x00007fff6f130000 - 0x00007fff6f8c4000 	C:\Windows\SYSTEM32\windows.storage.dll
0x00007fff71bb0000 - 0x00007fff71f04000 	C:\Windows\System32\combase.dll
0x00007fff70a30000 - 0x00007fff70a5c000 	C:\Windows\SYSTEM32\Wldp.dll
0x00007fff73580000 - 0x00007fff7362d000 	C:\Windows\System32\SHCORE.dll
0x00007fff727b0000 - 0x00007fff72805000 	C:\Windows\System32\shlwapi.dll
0x00007fff70f50000 - 0x00007fff70f6f000 	C:\Windows\SYSTEM32\profapi.dll
0x00007fff51240000 - 0x00007fff5125a000 	C:\Program Files\Android\Android Studio\jre\bin\net.dll
0x00007fff68b80000 - 0x00007fff68c8a000 	C:\Windows\SYSTEM32\WINHTTP.dll
0x00007fff70770000 - 0x00007fff707da000 	C:\Windows\system32\mswsock.dll
0x00007fff50480000 - 0x00007fff50494000 	C:\Program Files\Android\Android Studio\jre\bin\nio.dll
0x00007fff4df60000 - 0x00007fff4df87000 	C:\Users\User\.gradle\native\e1d6ef7f7dcc3fd88c89a11ec53ec762bb8ba0a96d01ffa2cd45eb1d1d8dd5c5\windows-amd64\native-platform.dll
0x00007fff2f1e0000 - 0x00007fff2f324000 	C:\Users\User\.gradle\native\5664cfc778a61ccfe75a443a1ab52a65af34e5dc3c78e0209fed803814484fcb\windows-amd64\native-platform-file-events.dll
0x00007fff6b690000 - 0x00007fff6b69a000 	C:\Program Files\Android\Android Studio\jre\bin\management.dll
0x00007fff6b5e0000 - 0x00007fff6b5ed000 	C:\Program Files\Android\Android Studio\jre\bin\management_ext.dll
0x00007fff70970000 - 0x00007fff70988000 	C:\Windows\SYSTEM32\CRYPTSP.dll
0x00007fff70090000 - 0x00007fff700c4000 	C:\Windows\system32\rsaenh.dll
0x00007fff71040000 - 0x00007fff71067000 	C:\Windows\System32\bcrypt.dll
0x00007fff70ed0000 - 0x00007fff70efe000 	C:\Windows\SYSTEM32\USERENV.dll
0x00007fff70960000 - 0x00007fff7096c000 	C:\Windows\SYSTEM32\CRYPTBASE.dll
0x00007fff70400000 - 0x00007fff7043b000 	C:\Windows\SYSTEM32\IPHLPAPI.DLL
0x00007fff727a0000 - 0x00007fff727a8000 	C:\Windows\System32\NSI.dll
0x00007fff69700000 - 0x00007fff69717000 	C:\Windows\SYSTEM32\dhcpcsvc6.DLL
0x00007fff69930000 - 0x00007fff6994d000 	C:\Windows\SYSTEM32\dhcpcsvc.DLL
0x00007fff70440000 - 0x00007fff7050b000 	C:\Windows\SYSTEM32\DNSAPI.dll
0x00007fff6fd20000 - 0x00007fff6fd53000 	C:\Windows\SYSTEM32\ntmarta.dll

dbghelp: loaded successfully - version: 4.0.5 - missing functions: none
symbol engine: initialized successfully - sym options: 0x614 - pdb path: .;C:\Program Files\Android\Android Studio\jre\bin;C:\Windows\SYSTEM32;C:\Windows\WinSxS\amd64_microsoft.windows.common-controls_6595b64144ccf1df_6.0.19041.1110_none_60b5254171f9507e;C:\Program Files\Android\Android Studio\jre\bin\server;C:\Users\User\.gradle\native\e1d6ef7f7dcc3fd88c89a11ec53ec762bb8ba0a96d01ffa2cd45eb1d1d8dd5c5\windows-amd64;C:\Users\User\.gradle\native\5664cfc778a61ccfe75a443a1ab52a65af34e5dc3c78e0209fed803814484fcb\windows-amd64

VM Arguments:
jvm_args: --add-opens=java.base/java.util=ALL-UNNAMED --add-opens=java.base/java.lang=ALL-UNNAMED --add-opens=java.base/java.lang.invoke=ALL-UNNAMED --add-opens=java.base/java.util=ALL-UNNAMED --add-opens=java.prefs/java.util.prefs=ALL-UNNAMED --add-opens=java.prefs/java.util.prefs=ALL-UNNAMED --add-opens=java.base/java.nio.charset=ALL-UNNAMED --add-opens=java.base/java.net=ALL-UNNAMED --add-opens=java.base/java.util.concurrent.atomic=ALL-UNNAMED -Xmx2048m -Dfile.encoding=UTF-8 -Duser.country=RU -Duser.language=ru -Duser.variant 
java_command: org.gradle.launcher.daemon.bootstrap.GradleDaemon 7.3.3
java_class_path (initial): C:\Users\User\.gradle\wrapper\dists\gradle-7.3.3-bin\6a41zxkdtcxs8rphpq6y0069z\gradle-7.3.3\lib\gradle-launcher-7.3.3.jar
Launcher Type: SUN_STANDARD

[Global flags]
     intx CICompilerCount                          = 3                                         {product} {ergonomic}
     uint ConcGCThreads                            = 1                                         {product} {ergonomic}
     uint G1ConcRefinementThreads                  = 4                                         {product} {ergonomic}
   size_t G1HeapRegionSize                         = 1048576                                   {product} {ergonomic}
    uintx GCDrainStackTargetSize                   = 64                                        {product} {ergonomic}
   size_t InitialHeapSize                          = 65011712                                  {product} {ergonomic}
   size_t MarkStackSize                            = 4194304                                   {product} {ergonomic}
   size_t MaxHeapSize                              = 2147483648                                {product} {command line}
   size_t MaxNewSize                               = 1287651328                                {product} {ergonomic}
   size_t MinHeapDeltaBytes                        = 1048576                                   {product} {ergonomic}
    uintx NonNMethodCodeHeapSize                   = 5830732                                {pd product} {ergonomic}
    uintx NonProfiledCodeHeapSize                  = 122913754                              {pd product} {ergonomic}
    uintx ProfiledCodeHeapSize                     = 122913754                              {pd product} {ergonomic}
    uintx ReservedCodeCacheSize                    = 251658240                              {pd product} {ergonomic}
     bool SegmentedCodeCache                       = true                                      {product} {ergonomic}
     bool UseCompressedClassPointers               = true                                 {lp64_product} {ergonomic}
     bool UseCompressedOops                        = true                                 {lp64_product} {ergonomic}
     bool UseG1GC                                  = true                                      {product} {ergonomic}
     bool UseLargePagesIndividualAllocation        = false                                  {pd product} {ergonomic}

Logging:
Log output configuration:
 #0: stdout all=warning uptime,level,tags
 #1: stderr all=off uptime,level,tags

Environment Variables:
JAVA_HOME=C:\Program Files\Java\jdk-17.0.2
PATH=C:\Program Files\Common Files\Oracle\Java\javapath;C:\Windows\system32;C:\Windows;C:\Windows\System32\Wbem;C:\Windows\System32\WindowsPowerShell\v1.0\;C:\Windows\System32\OpenSSH\;C:\Program Files\7-Zip;C:\Program Files\Java\jdk-17.0.2\bin;C:\Program Files (x86)\Autodesk\Backburner\;C:\Program Files (x86)\Common Files\Autodesk Shared\;C:\Program Files\Common Files\Autodesk Shared\;C:\Program Files\Git\cmd;C:\Users\User\AppData\Local\Microsoft\WindowsApps;C:\Program Files (x86)\CodeBlocks\MinGW\bin;
USERNAME=User
OS=Windows_NT
PROCESSOR_IDENTIFIER=Intel64 Family 6 Model 78 Stepping 3, GenuineIntel



---------------  S Y S T E M  ---------------

OS: Windows 10 , 64 bit Build 19041 (10.0.19041.1645)
OS uptime: 0 days 7:06 hours

CPU:total 4 (initial active 4) (2 cores per cpu, 2 threads per core) family 6 model 78 stepping 3 microcode 0xcc, cmov, cx8, fxsr, mmx, sse, sse2, sse3, ssse3, sse4.1, sse4.2, popcnt, avx, avx2, aes, clmul, erms, 3dnowpref, lzcnt, ht, tsc, tscinvbit, bmi1, bmi2, adx, fma

Memory: 4k page, system-wide physical 3915M (716M free)
TotalPageFile size 5889M (AvailPageFile size 125M)
current process WorkingSet (physical memory assigned to process): 576M, peak: 585M
current process commit charge ("private bytes"): 796M, peak: 1025M

vm_info: OpenJDK 64-Bit Server VM (11.0.12+7-b1504.28-7817840) for windows-amd64 JRE (11.0.12+7-b1504.28-7817840), built on Oct 13 2021 22:12:33 by "builder" with MS VC++ 14.0 (VS2015)

END.
